{"numFailedTestSuites":2,"numFailedTests":4,"numPassedTestSuites":75,"numPassedTests":309,"numPendingTestSuites":1,"numPendingTests":1,"numRuntimeErrorTestSuites":0,"numTodoTests":0,"numTotalTestSuites":78,"numTotalTests":314,"openHandles":[],"snapshot":{"added":0,"didUpdate":false,"failure":false,"filesAdded":0,"filesRemoved":0,"filesRemovedList":[],"filesUnmatched":0,"filesUpdated":0,"matched":0,"total":0,"unchecked":0,"uncheckedKeysByFile":[],"unmatched":0,"updated":0},"startTime":1788280367760,"success":false,"testResults":[{"assertionResults":[{"ancestorTitles":["orderDraftSchema"],"duration":15,"failureDetails":[],"failureMessages":[],"fullName":"orderDraftSchema emptyOrderDraft has version 1 and empty items","invocations":1,"location":null,"numPassingAsserts":4,"retryReasons":[],"status":"passed","title":"emptyOrderDraft has version 1 and empty items"},{"ancestorTitles":["orderDraftSchema"],"duration":2,"failureDetails":[],"failureMessages":[],"fullName":"orderDraftSchema inferServiceTypeFromItems — store product line","invocations":1,"location":null,"numPassingAsserts":2,"retryReasons":[],"status":"passed","title":"inferServiceTypeFromItems — store product line"},{"ancestorTitles":["orderDraftSchema"],"duration":0,"failureDetails":[],"failureMessages":[],"fullName":"orderDraftSchema inferServiceTypeFromItems — restaurant via store_type","invocations":1,"location":null,"numPassingAsserts":1,"retryReasons":[],"status":"passed","title":"inferServiceTypeFromItems — restaurant via store_type"},{"ancestorTitles":["orderDraftSchema"],"duration":0,"failureDetails":[],"failureMessages":[],"fullName":"orderDraftSchema inferServiceTypeFromItems — map delivery","invocations":1,"location":null,"numPassingAsserts":1,"retryReasons":[],"status":"passed","title":"inferServiceTypeFromItems — map delivery"},{"ancestorTitles":["orderDraftSchema"],"duration":2,"failureDetails":[],"failureMessages":[],"fullName":"orderDraftSchema validateOrderDraft rejects store without provider_id","invocations":1,"location":null,"numPassingAsserts":2,"retryReasons":[],"status":"passed","title":"validateOrderDraft rejects store without provider_id"},{"ancestorTitles":["orderDraftSchema"],"duration":1,"failureDetails":[],"failureMessages":[],"fullName":"orderDraftSchema normalizeOrderDraft fills service_type from items","invocations":1,"location":null,"numPassingAsserts":2,"retryReasons":[],"status":"passed","title":"normalizeOrderDraft fills service_type from items"},{"ancestorTitles":["migrateFromLegacyCart"],"duration":1,"failureDetails":[],"failureMessages":[],"fullName":"migrateFromLegacyCart returns empty draft when cart has no items","invocations":1,"location":null,"numPassingAsserts":2,"retryReasons":[],"status":"passed","title":"returns empty draft when cart has no items"},{"ancestorTitles":["migrateFromLegacyCart"],"duration":5,"failureDetails":[],"failureMessages":[],"fullName":"migrateFromLegacyCart migrates cart v2 store line with payment and delivery location","invocations":1,"location":null,"numPassingAsserts":11,"retryReasons":[],"status":"passed","title":"migrates cart v2 store line with payment and delivery location"},{"ancestorTitles":["migrateFromLegacyCart"],"duration":2,"failureDetails":[],"failureMessages":[],"fullName":"migrateFromLegacyCart migrates legacy array cart format","invocations":1,"location":null,"numPassingAsserts":4,"retryReasons":[],"status":"passed","title":"migrates legacy array cart format"},{"ancestorTitles":["migrateFromLegacyCart"],"duration":1,"failureDetails":[],"failureMessages":[],"fullName":"migrateFromLegacyCart reads legacy delivery-location key and payment method fallback","invocations":1,"location":null,"numPassingAsserts":3,"retryReasons":[],"status":"passed","title":"reads legacy delivery-location key and payment method fallback"},{"ancestorTitles":["orderDraftStoreCore"],"duration":1,"failureDetails":[],"failureMessages":[],"fullName":"orderDraftStoreCore readDraft returns empty when storage has no draft key","invocations":1,"location":null,"numPassingAsserts":2,"retryReasons":[],"status":"passed","title":"readDraft returns empty when storage has no draft key"},{"ancestorTitles":["orderDraftStoreCore"],"duration":2,"failureDetails":[],"failureMessages":[],"fullName":"orderDraftStoreCore writeDraft persists and readDraft returns normalized draft","invocations":1,"location":null,"numPassingAsserts":4,"retryReasons":[],"status":"passed","title":"writeDraft persists and readDraft returns normalized draft"},{"ancestorTitles":["orderDraftStoreCore"],"duration":1,"failureDetails":[],"failureMessages":[],"fullName":"orderDraftStoreCore clearDraft removes draft from storage","invocations":1,"location":null,"numPassingAsserts":3,"retryReasons":[],"status":"passed","title":"clearDraft removes draft from storage"},{"ancestorTitles":["orderDraftStoreCore"],"duration":1,"failureDetails":[],"failureMessages":[],"fullName":"orderDraftStoreCore tryMigrateFromLegacyCart migrates when draft empty and does not delete cart","invocations":1,"location":null,"numPassingAsserts":6,"retryReasons":[],"status":"passed","title":"tryMigrateFromLegacyCart migrates when draft empty and does not delete cart"},{"ancestorTitles":["orderDraftStoreCore"],"duration":2,"failureDetails":[],"failureMessages":[],"fullName":"orderDraftStoreCore tryMigrateFromLegacyCart skips when draft already has items","invocations":1,"location":null,"numPassingAsserts":4,"retryReasons":[],"status":"passed","title":"tryMigrateFromLegacyCart skips when draft already has items"},{"ancestorTitles":["orderDraftStoreCore"],"duration":1,"failureDetails":[],"failureMessages":[],"fullName":"orderDraftStoreCore tryMigrateFromLegacyCart returns no_legacy_cart when cart key missing","invocations":1,"location":null,"numPassingAsserts":2,"retryReasons":[],"status":"passed","title":"tryMigrateFromLegacyCart returns no_legacy_cart when cart key missing"}],"endTime":1788280370078,"message":"","name":"C:\\Users\\USER\\Desktop\\ervenow\\tests\\unit\\orderDraftStore.test.js","startTime":1788280368265,"status":"passed","summary":""},{"assertionResults":[{"ancestorTitles":["handleUnifiedCartCheckoutHttp — idempotency release on 4xx"],"duration":16,"failureDetails":[],"failureMessages":[],"fullName":"handleUnifiedCartCheckoutHttp — idempotency release on 4xx successful checkout finalizes idempotency and does not release","invocations":1,"location":null,"numPassingAsserts":3,"retryReasons":[],"status":"passed","title":"successful checkout finalizes idempotency and does not release"},{"ancestorTitles":["handleUnifiedCartCheckoutHttp — idempotency release on 4xx"],"duration":26,"failureDetails":[{"matcherResult":{"message":"expect(jest.fn()).toHaveBeenCalledWith(...expected)\n\n- Expected\n+ Received\n\n  Object {\n+   \"balance\": undefined,\n    \"message\": \"cart validation failed\",\n    \"ok\": false,\n+   \"reason\": null,\n+   \"required\": undefined,\n  },\n\nNumber of calls: 1","pass":false}}],"failureMessages":["Error: expect(jest.fn()).toHaveBeenCalledWith(...expected)\n\n- Expected\n+ Received\n\n  Object {\n+   \"balance\": undefined,\n    \"message\": \"cart validation failed\",\n    \"ok\": false,\n+   \"reason\": null,\n+   \"required\": undefined,\n  },\n\nNumber of calls: 1\n    at toHaveBeenCalledWith (C:\\Users\\USER\\Desktop\\ervenow\\tests\\unit\\cartCheckoutHttpIdempotency.test.js:92:22)\n    at processTicksAndRejections (node:internal/process/task_queues:104:5)"],"fullName":"handleUnifiedCartCheckoutHttp — idempotency release on 4xx releases idempotency before returning 400","invocations":1,"location":null,"numPassingAsserts":3,"retryReasons":[],"status":"failed","title":"releases idempotency before returning 400"},{"ancestorTitles":["handleUnifiedCartCheckoutHttp — idempotency release on 4xx"],"duration":3,"failureDetails":[{"matcherResult":{"message":"expect(jest.fn()).toHaveBeenCalledWith(...expected)\n\n- Expected\n+ Received\n\n  Object {\n+   \"balance\": undefined,\n    \"message\": \"forbidden checkout\",\n    \"ok\": false,\n+   \"reason\": null,\n+   \"required\": undefined,\n  },\n\nNumber of calls: 1","pass":false}}],"failureMessages":["Error: expect(jest.fn()).toHaveBeenCalledWith(...expected)\n\n- Expected\n+ Received\n\n  Object {\n+   \"balance\": undefined,\n    \"message\": \"forbidden checkout\",\n    \"ok\": false,\n+   \"reason\": null,\n+   \"required\": undefined,\n  },\n\nNumber of calls: 1\n    at toHaveBeenCalledWith (C:\\Users\\USER\\Desktop\\ervenow\\tests\\unit\\cartCheckoutHttpIdempotency.test.js:92:22)\n    at processTicksAndRejections (node:internal/process/task_queues:104:5)"],"fullName":"handleUnifiedCartCheckoutHttp — idempotency release on 4xx releases idempotency before returning 403","invocations":1,"location":null,"numPassingAsserts":3,"retryReasons":[],"status":"failed","title":"releases idempotency before returning 403"},{"ancestorTitles":["handleUnifiedCartCheckoutHttp — idempotency release on 4xx"],"duration":2,"failureDetails":[{"matcherResult":{"message":"expect(jest.fn()).toHaveBeenCalledWith(...expected)\n\n- Expected\n+ Received\n\n  Object {\n+   \"balance\": undefined,\n    \"message\": \"unprocessable checkout\",\n    \"ok\": false,\n+   \"reason\": null,\n+   \"required\": undefined,\n  },\n\nNumber of calls: 1","pass":false}}],"failureMessages":["Error: expect(jest.fn()).toHaveBeenCalledWith(...expected)\n\n- Expected\n+ Received\n\n  Object {\n+   \"balance\": undefined,\n    \"message\": \"unprocessable checkout\",\n    \"ok\": false,\n+   \"reason\": null,\n+   \"required\": undefined,\n  },\n\nNumber of calls: 1\n    at toHaveBeenCalledWith (C:\\Users\\USER\\Desktop\\ervenow\\tests\\unit\\cartCheckoutHttpIdempotency.test.js:92:22)\n    at processTicksAndRejections (node:internal/process/task_queues:104:5)"],"fullName":"handleUnifiedCartCheckoutHttp — idempotency release on 4xx releases idempotency before returning 422","invocations":1,"location":null,"numPassingAsserts":3,"retryReasons":[],"status":"failed","title":"releases idempotency before returning 422"},{"ancestorTitles":["handleUnifiedCartCheckoutHttp — idempotency release on 4xx"],"duration":2,"failureDetails":[],"failureMessages":[],"fullName":"handleUnifiedCartCheckoutHttp — idempotency release on 4xx retry after 400 can claim again without 409 conflict","invocations":1,"location":null,"numPassingAsserts":4,"retryReasons":[],"status":"passed","title":"retry after 400 can claim again without 409 conflict"},{"ancestorTitles":["handleUnifiedCartCheckoutHttp — idempotency release on 4xx"],"duration":1,"failureDetails":[],"failureMessages":[],"fullName":"handleUnifiedCartCheckoutHttp — idempotency release on 4xx 409 conflict only when claim reports in-progress conflict","invocations":1,"location":null,"numPassingAsserts":4,"retryReasons":[],"status":"passed","title":"409 conflict only when claim reports in-progress conflict"}],"endTime":1788280370166,"message":"  ● handleUnifiedCartCheckoutHttp — idempotency release on 4xx › releases idempotency before returning 400\n\n    expect(jest.fn()).toHaveBeenCalledWith(...expected)\n\n    - Expected\n    + Received\n\n      Object {\n    +   \"balance\": undefined,\n        \"message\": \"cart validation failed\",\n        \"ok\": false,\n    +   \"reason\": null,\n    +   \"required\": undefined,\n      },\n\n    Number of calls: 1\n\n      90 |     expect(finalizeCheckoutIdempotency).not.toHaveBeenCalled();\n      91 |     expect(res.status).toHaveBeenCalledWith(status);\n    > 92 |     expect(res.json).toHaveBeenCalledWith({ ok: false, message });\n         |                      ^\n      93 |   });\n      94 |\n      95 |   test(\"retry after 400 can claim again without 409 conflict\", async () => {\n\n      at toHaveBeenCalledWith (tests/unit/cartCheckoutHttpIdempotency.test.js:92:22)\n\n  ● handleUnifiedCartCheckoutHttp — idempotency release on 4xx › releases idempotency before returning 403\n\n    expect(jest.fn()).toHaveBeenCalledWith(...expected)\n\n    - Expected\n    + Received\n\n      Object {\n    +   \"balance\": undefined,\n        \"message\": \"forbidden checkout\",\n        \"ok\": false,\n    +   \"reason\": null,\n    +   \"required\": undefined,\n      },\n\n    Number of calls: 1\n\n      90 |     expect(finalizeCheckoutIdempotency).not.toHaveBeenCalled();\n      91 |     expect(res.status).toHaveBeenCalledWith(status);\n    > 92 |     expect(res.json).toHaveBeenCalledWith({ ok: false, message });\n         |                      ^\n      93 |   });\n      94 |\n      95 |   test(\"retry after 400 can claim again without 409 conflict\", async () => {\n\n      at toHaveBeenCalledWith (tests/unit/cartCheckoutHttpIdempotency.test.js:92:22)\n\n  ● handleUnifiedCartCheckoutHttp — idempotency release on 4xx › releases idempotency before returning 422\n\n    expect(jest.fn()).toHaveBeenCalledWith(...expected)\n\n    - Expected\n    + Received\n\n      Object {\n    +   \"balance\": undefined,\n        \"message\": \"unprocessable checkout\",\n        \"ok\": false,\n    +   \"reason\": null,\n    +   \"required\": undefined,\n      },\n\n    Number of calls: 1\n\n      90 |     expect(finalizeCheckoutIdempotency).not.toHaveBeenCalled();\n      91 |     expect(res.status).toHaveBeenCalledWith(status);\n    > 92 |     expect(res.json).toHaveBeenCalledWith({ ok: false, message });\n         |                      ^\n      93 |   });\n      94 |\n      95 |   test(\"retry after 400 can claim again without 409 conflict\", async () => {\n\n      at toHaveBeenCalledWith (tests/unit/cartCheckoutHttpIdempotency.test.js:92:22)\n","name":"C:\\Users\\USER\\Desktop\\ervenow\\tests\\unit\\cartCheckoutHttpIdempotency.test.js","startTime":1788280368313,"status":"failed","summary":""},{"assertionResults":[{"ancestorTitles":["heroBannerStore"],"duration":15,"failureDetails":[],"failureMessages":[],"fullName":"heroBannerStore normalizeBannerRow trims and normalizes urls","invocations":1,"location":null,"numPassingAsserts":5,"retryReasons":[],"status":"passed","title":"normalizeBannerRow trims and normalizes urls"},{"ancestorTitles":["heroBannerStore"],"duration":2,"failureDetails":[],"failureMessages":[],"fullName":"heroBannerStore normalizePlacement maps legacy kind and accepts placement ids","invocations":1,"location":null,"numPassingAsserts":5,"retryReasons":[],"status":"passed","title":"normalizePlacement maps legacy kind and accepts placement ids"},{"ancestorTitles":["heroBannerStore"],"duration":1,"failureDetails":[],"failureMessages":[],"fullName":"heroBannerStore normalizeBannerRow derives targets from legacy placement","invocations":1,"location":null,"numPassingAsserts":2,"retryReasons":[],"status":"passed","title":"normalizeBannerRow derives targets from legacy placement"},{"ancestorTitles":["heroBannerStore"],"duration":1,"failureDetails":[],"failureMessages":[],"fullName":"heroBannerStore isBannerPublishable respects status and schedule","invocations":1,"location":null,"numPassingAsserts":3,"retryReasons":[],"status":"passed","title":"isBannerPublishable respects status and schedule"},{"ancestorTitles":["heroBannerStore"],"duration":1,"failureDetails":[],"failureMessages":[],"fullName":"heroBannerStore sortBannersForDisplay orders by priority then sort_order","invocations":1,"location":null,"numPassingAsserts":1,"retryReasons":[],"status":"passed","title":"sortBannersForDisplay orders by priority then sort_order"},{"ancestorTitles":["heroBannerStore"],"duration":1,"failureDetails":[],"failureMessages":[],"fullName":"heroBannerStore computeCtr returns percentage rounded","invocations":1,"location":null,"numPassingAsserts":2,"retryReasons":[],"status":"passed","title":"computeCtr returns percentage rounded"},{"ancestorTitles":["heroBannerStore"],"duration":4,"failureDetails":[],"failureMessages":[],"fullName":"heroBannerStore getActiveBannersByPlacement groups rows by display mode","invocations":1,"location":null,"numPassingAsserts":3,"retryReasons":[],"status":"passed","title":"getActiveBannersByPlacement groups rows by display mode"},{"ancestorTitles":["heroBannerStore"],"duration":1,"failureDetails":[],"failureMessages":[],"fullName":"heroBannerStore getPublishedBannersForTarget filters by target and publishability","invocations":1,"location":null,"numPassingAsserts":1,"retryReasons":[],"status":"passed","title":"getPublishedBannersForTarget filters by target and publishability"},{"ancestorTitles":["heroBannerStore"],"duration":1,"failureDetails":[],"failureMessages":[],"fullName":"heroBannerStore getAdminSelectableTargets returns six admin placements in order","invocations":1,"location":null,"numPassingAsserts":4,"retryReasons":[],"status":"passed","title":"getAdminSelectableTargets returns six admin placements in order"}],"endTime":1788280370182,"message":"","name":"C:\\Users\\USER\\Desktop\\ervenow\\tests\\unit\\heroBannerStore.test.js","startTime":1788280368273,"status":"passed","summary":""},{"assertionResults":[{"ancestorTitles":["siteMaintenanceGate"],"duration":32,"failureDetails":[],"failureMessages":[],"fullName":"siteMaintenanceGate development hosts never receive maintenance","invocations":1,"location":null,"numPassingAsserts":7,"retryReasons":[],"status":"passed","title":"development hosts never receive maintenance"},{"ancestorTitles":["siteMaintenanceGate"],"duration":5,"failureDetails":[],"failureMessages":[],"fullName":"siteMaintenanceGate site maintenance applies only on production hosts","invocations":1,"location":null,"numPassingAsserts":6,"retryReasons":[],"status":"passed","title":"site maintenance applies only on production hosts"},{"ancestorTitles":["siteMaintenanceGate"],"duration":2,"failureDetails":[],"failureMessages":[],"fullName":"siteMaintenanceGate maintenanceActiveForRequest respects hostname","invocations":1,"location":null,"numPassingAsserts":4,"retryReasons":[],"status":"passed","title":"maintenanceActiveForRequest respects hostname"},{"ancestorTitles":["siteMaintenanceGate"],"duration":1,"failureDetails":[],"failureMessages":[],"fullName":"siteMaintenanceGate default maintenance hostnames include apex and www","invocations":1,"location":null,"numPassingAsserts":2,"retryReasons":[],"status":"passed","title":"default maintenance hostnames include apex and www"},{"ancestorTitles":["siteMaintenanceGate"],"duration":4,"failureDetails":[],"failureMessages":[],"fullName":"siteMaintenanceGate shouldBlockPublicPage: production HTML blocked when maintenance on","invocations":1,"location":null,"numPassingAsserts":8,"retryReasons":[],"status":"passed","title":"shouldBlockPublicPage: production HTML blocked when maintenance on"},{"ancestorTitles":["siteMaintenanceGate"],"duration":1,"failureDetails":[],"failureMessages":[],"fullName":"siteMaintenanceGate shouldBlockPublicPage: off when maintenance disabled","invocations":1,"location":null,"numPassingAsserts":1,"retryReasons":[],"status":"passed","title":"shouldBlockPublicPage: off when maintenance disabled"}],"endTime":1788280370582,"message":"","name":"C:\\Users\\USER\\Desktop\\ervenow\\tests\\unit\\siteMaintenanceGate.test.js","startTime":1788280368354,"status":"passed","summary":""},{"assertionResults":[{"ancestorTitles":["platformFeatureFlags"],"duration":5,"failureDetails":[],"failureMessages":[],"fullName":"platformFeatureFlags normalizeMode accepts 0, 1, 2 only","invocations":1,"location":null,"numPassingAsserts":5,"retryReasons":[],"status":"passed","title":"normalizeMode accepts 0, 1, 2 only"},{"ancestorTitles":["platformFeatureFlags"],"duration":2,"failureDetails":[],"failureMessages":[],"fullName":"platformFeatureFlags isFeatureEnabled and isFeatureAuto","invocations":1,"location":null,"numPassingAsserts":5,"retryReasons":[],"status":"passed","title":"isFeatureEnabled and isFeatureAuto"},{"ancestorTitles":["platformFeatureFlags"],"duration":7,"failureDetails":[],"failureMessages":[],"fullName":"platformFeatureFlags loadFinancialFeatureFlags returns defaults when table empty","invocations":1,"location":null,"numPassingAsserts":3,"retryReasons":[],"status":"passed","title":"loadFinancialFeatureFlags returns defaults when table empty"},{"ancestorTitles":["platformFeatureFlags"],"duration":2,"failureDetails":[],"failureMessages":[],"fullName":"platformFeatureFlags toFeatureFlagsArray returns API shape","invocations":1,"location":null,"numPassingAsserts":2,"retryReasons":[],"status":"passed","title":"toFeatureFlagsArray returns API shape"},{"ancestorTitles":["platformFeatureFlags"],"duration":2,"failureDetails":[],"failureMessages":[],"fullName":"platformFeatureFlags listFinancialFeatureFlagsArray returns list","invocations":1,"location":null,"numPassingAsserts":3,"retryReasons":[],"status":"passed","title":"listFinancialFeatureFlagsArray returns list"},{"ancestorTitles":["platformFeatureFlags"],"duration":1,"failureDetails":[],"failureMessages":[],"fullName":"platformFeatureFlags getFeatureFlags returns modes and configs","invocations":1,"location":null,"numPassingAsserts":2,"retryReasons":[],"status":"passed","title":"getFeatureFlags returns modes and configs"},{"ancestorTitles":["platformFeatureFlags"],"duration":4,"failureDetails":[],"failureMessages":[],"fullName":"platformFeatureFlags updateFinancialFeatureFlag upserts row","invocations":1,"location":null,"numPassingAsserts":4,"retryReasons":[],"status":"passed","title":"updateFinancialFeatureFlag upserts row"}],"endTime":1788280370785,"message":"","name":"C:\\Users\\USER\\Desktop\\ervenow\\tests\\unit\\platformFeatureFlags.test.js","startTime":1788280370590,"status":"passed","summary":""},{"assertionResults":[{"ancestorTitles":["storeMerchantLedgerCredit (HOTFIX-001)"],"duration":2,"failureDetails":[],"failureMessages":[],"fullName":"storeMerchantLedgerCredit (HOTFIX-001) storeMerchantNetFromOrder uses 7% on goods","invocations":1,"location":null,"numPassingAsserts":1,"retryReasons":[],"status":"passed","title":"storeMerchantNetFromOrder uses 7% on goods"},{"ancestorTitles":["storeMerchantLedgerCredit (HOTFIX-001)"],"duration":5,"failureDetails":[],"failureMessages":[],"fullName":"storeMerchantLedgerCredit (HOTFIX-001) skips when legacy checkout ref already exists","invocations":1,"location":null,"numPassingAsserts":2,"retryReasons":[],"status":"passed","title":"skips when legacy checkout ref already exists"},{"ancestorTitles":["storeMerchantLedgerCredit (HOTFIX-001)"],"duration":7,"failureDetails":[],"failureMessages":[],"fullName":"storeMerchantLedgerCredit (HOTFIX-001) deposits once at delivery with canonical ref","invocations":1,"location":null,"numPassingAsserts":5,"retryReasons":[],"status":"passed","title":"deposits once at delivery with canonical ref"},{"ancestorTitles":["storeMerchantLedgerCredit (HOTFIX-001)"],"duration":0,"failureDetails":[],"failureMessages":[],"fullName":"storeMerchantLedgerCredit (HOTFIX-001) merchantDepositRefExists detects legacy ref","invocations":1,"location":null,"numPassingAsserts":1,"retryReasons":[],"status":"passed","title":"merchantDepositRefExists detects legacy ref"}],"endTime":1788280371261,"message":"","name":"C:\\Users\\USER\\Desktop\\ervenow\\tests\\unit\\storeMerchantLedgerCredit.test.js","startTime":1788280370194,"status":"passed","summary":""},{"assertionResults":[{"ancestorTitles":["merchant deposit flow (HOTFIX-001)"],"duration":23,"failureDetails":[],"failureMessages":[],"fullName":"merchant deposit flow (HOTFIX-001) paid store order: single merchant deposit at delivered, not at checkout path","invocations":1,"location":null,"numPassingAsserts":5,"retryReasons":[],"status":"passed","title":"paid store order: single merchant deposit at delivered, not at checkout path"},{"ancestorTitles":["merchant deposit flow (HOTFIX-001)"],"duration":1,"failureDetails":[],"failureMessages":[],"fullName":"merchant deposit flow (HOTFIX-001) legacy SQL merchant ref blocks second Node deposit (HOTFIX-001 guard)","invocations":1,"location":null,"numPassingAsserts":2,"retryReasons":[],"status":"passed","title":"legacy SQL merchant ref blocks second Node deposit (HOTFIX-001 guard)"}],"endTime":1788280371438,"message":"","name":"C:\\Users\\USER\\Desktop\\ervenow\\tests\\unit\\merchantDepositFlow.test.js","startTime":1788280368251,"status":"passed","summary":""},{"assertionResults":[{"ancestorTitles":["resolvePortalRole"],"duration":4,"failureDetails":[],"failureMessages":[],"fullName":"resolvePortalRole maps unified portal roles from db role","invocations":1,"location":null,"numPassingAsserts":7,"retryReasons":[],"status":"passed","title":"maps unified portal roles from db role"},{"ancestorTitles":["resolvePortalRole"],"duration":2,"failureDetails":[],"failureMessages":[],"fullName":"resolvePortalRole splits service vs transport by service_type","invocations":1,"location":null,"numPassingAsserts":7,"retryReasons":[],"status":"passed","title":"splits service vs transport by service_type"},{"ancestorTitles":["resolvePortalRole"],"duration":1,"failureDetails":[],"failureMessages":[],"fullName":"resolvePortalRole defaults service role without service_type to service portal","invocations":1,"location":null,"numPassingAsserts":1,"retryReasons":[],"status":"passed","title":"defaults service role without service_type to service portal"},{"ancestorTitles":["resolvePortalRole"],"duration":1,"failureDetails":[],"failureMessages":[],"fullName":"resolvePortalRole unknown service type falls back to customer without blocking","invocations":1,"location":null,"numPassingAsserts":2,"retryReasons":[],"status":"passed","title":"unknown service type falls back to customer without blocking"},{"ancestorTitles":["resolvePortalRole"],"duration":1,"failureDetails":[],"failureMessages":[],"fullName":"resolvePortalRole unknown db role falls back to customer and flags unknownRole","invocations":1,"location":null,"numPassingAsserts":2,"retryReasons":[],"status":"passed","title":"unknown db role falls back to customer and flags unknownRole"},{"ancestorTitles":["resolvePortalRole"],"duration":1,"failureDetails":[],"failureMessages":[],"fullName":"resolvePortalRole blocked users route to complaints page","invocations":1,"location":null,"numPassingAsserts":1,"retryReasons":[],"status":"passed","title":"blocked users route to complaints page"},{"ancestorTitles":["resolvePortalRole"],"duration":3,"failureDetails":[],"failureMessages":[],"fullName":"resolvePortalRole live portal paths for operational roles","invocations":1,"location":null,"numPassingAsserts":10,"retryReasons":[],"status":"passed","title":"live portal paths for operational roles"},{"ancestorTitles":["resolvePortalRole"],"duration":1,"failureDetails":[],"failureMessages":[],"fullName":"resolvePortalRole type helpers","invocations":1,"location":null,"numPassingAsserts":5,"retryReasons":[],"status":"passed","title":"type helpers"}],"endTime":1788280371814,"message":"","name":"C:\\Users\\USER\\Desktop\\ervenow\\tests\\unit\\resolvePortalRole.test.js","startTime":1788280370793,"status":"passed","summary":""},{"assertionResults":[{"ancestorTitles":["checkoutIdempotency — stale pending reclaim"],"duration":3,"failureDetails":[],"failureMessages":[],"fullName":"checkoutIdempotency — stale pending reclaim isStalePendingRow detects old pending claims","invocations":1,"location":null,"numPassingAsserts":2,"retryReasons":[],"status":"passed","title":"isStalePendingRow detects old pending claims"},{"ancestorTitles":["checkoutIdempotency — stale pending reclaim"],"duration":2,"failureDetails":[],"failureMessages":[],"fullName":"checkoutIdempotency — stale pending reclaim claimOrReplayCheckout reclaims stale pending instead of conflict","invocations":1,"location":null,"numPassingAsserts":3,"retryReasons":[],"status":"passed","title":"claimOrReplayCheckout reclaims stale pending instead of conflict"}],"endTime":1788280371972,"message":"","name":"C:\\Users\\USER\\Desktop\\ervenow\\tests\\unit\\checkoutIdempotency.test.js","startTime":1788280371445,"status":"passed","summary":""},{"assertionResults":[{"ancestorTitles":["Checkout Engine Phase 2 rules"],"duration":3,"failureDetails":[],"failureMessages":[],"fullName":"Checkout Engine Phase 2 rules checkout files exist","invocations":1,"location":null,"numPassingAsserts":5,"retryReasons":[],"status":"passed","title":"checkout files exist"},{"ancestorTitles":["Checkout Engine Phase 2 rules"],"duration":2,"failureDetails":[],"failureMessages":[],"fullName":"Checkout Engine Phase 2 rules checkout files do not load forbidden cart modules","invocations":1,"location":null,"numPassingAsserts":1,"retryReasons":[],"status":"passed","title":"checkout files do not load forbidden cart modules"},{"ancestorTitles":["Checkout Engine Phase 2 rules"],"duration":1,"failureDetails":[],"failureMessages":[],"fullName":"Checkout Engine Phase 2 rules checkout JS/HTML obey draft-only and unified API rules","invocations":1,"location":null,"numPassingAsserts":1,"retryReasons":[],"status":"passed","title":"checkout JS/HTML obey draft-only and unified API rules"},{"ancestorTitles":["Checkout Engine Phase 2 rules"],"duration":1,"failureDetails":[],"failureMessages":[],"fullName":"Checkout Engine Phase 2 rules checkout.html has single confirm button and no mini cart","invocations":1,"location":null,"numPassingAsserts":2,"retryReasons":[],"status":"passed","title":"checkout.html has single confirm button and no mini cart"}],"endTime":1788280371976,"message":"","name":"C:\\Users\\USER\\Desktop\\ervenow\\tests\\unit\\checkoutEnginePhase2.test.js","startTime":1788280371825,"status":"passed","summary":""},{"assertionResults":[{"ancestorTitles":["orderPortalRouting"],"duration":1,"failureDetails":[],"failureMessages":[],"fullName":"orderPortalRouting resolves merchant orders","invocations":1,"location":null,"numPassingAsserts":3,"retryReasons":[],"status":"passed","title":"resolves merchant orders"},{"ancestorTitles":["orderPortalRouting"],"duration":1,"failureDetails":[],"failureMessages":[],"fullName":"orderPortalRouting resolves service vs transport","invocations":1,"location":null,"numPassingAsserts":5,"retryReasons":[],"status":"passed","title":"resolves service vs transport"},{"ancestorTitles":["orderPortalRouting"],"duration":0,"failureDetails":[],"failureMessages":[],"fullName":"orderPortalRouting applyPortalTypeToOrderRow stamps row and data","invocations":1,"location":null,"numPassingAsserts":2,"retryReasons":[],"status":"passed","title":"applyPortalTypeToOrderRow stamps row and data"},{"ancestorTitles":["orderPortalRouting"],"duration":3,"failureDetails":[],"failureMessages":[],"fullName":"orderPortalRouting visibility rules per portal","invocations":1,"location":null,"numPassingAsserts":15,"retryReasons":[],"status":"passed","title":"visibility rules per portal"},{"ancestorTitles":["orderPortalRouting"],"duration":1,"failureDetails":[],"failureMessages":[],"fullName":"orderPortalRouting filterOrdersForPortal","invocations":1,"location":null,"numPassingAsserts":3,"retryReasons":[],"status":"passed","title":"filterOrdersForPortal"}],"endTime":1788280371982,"message":"","name":"C:\\Users\\USER\\Desktop\\ervenow\\tests\\unit\\orderPortalRouting.test.js","startTime":1788280371270,"status":"passed","summary":""},{"assertionResults":[{"ancestorTitles":["Checkout V1.2 — draft editing"],"duration":2,"failureDetails":[],"failureMessages":[],"fullName":"Checkout V1.2 — draft editing checkout-draft-edit.js uses ErvenowOrderDraft only","invocations":1,"location":null,"numPassingAsserts":5,"retryReasons":[],"status":"passed","title":"checkout-draft-edit.js uses ErvenowOrderDraft only"},{"ancestorTitles":["Checkout V1.2 — draft editing"],"duration":1,"failureDetails":[],"failureMessages":[],"fullName":"Checkout V1.2 — draft editing checkout.html exposes draft edit controls","invocations":1,"location":null,"numPassingAsserts":4,"retryReasons":[],"status":"passed","title":"checkout.html exposes draft edit controls"},{"ancestorTitles":["Checkout V1.2 — draft editing"],"duration":2,"failureDetails":[],"failureMessages":[],"fullName":"Checkout V1.2 — draft editing order-draft-badge.js enforces /checkout nav (no legacy drawer)","invocations":1,"location":null,"numPassingAsserts":5,"retryReasons":[],"status":"passed","title":"order-draft-badge.js enforces /checkout nav (no legacy drawer)"},{"ancestorTitles":["Checkout V1.2 — draft editing"],"duration":1,"failureDetails":[],"failureMessages":[],"fullName":"Checkout V1.2 — draft editing dashboard.html cart link goes to /checkout only","invocations":1,"location":null,"numPassingAsserts":3,"retryReasons":[],"status":"passed","title":"dashboard.html cart link goes to /checkout only"},{"ancestorTitles":["Checkout V1.2 — draft editing"],"duration":1,"failureDetails":[],"failureMessages":[],"fullName":"Checkout V1.2 — draft editing order-draft-store supports logout stash and session restore","invocations":1,"location":null,"numPassingAsserts":8,"retryReasons":[],"status":"passed","title":"order-draft-store supports logout stash and session restore"},{"ancestorTitles":["Checkout V1.2 — draft editing"],"duration":0,"failureDetails":[],"failureMessages":[],"fullName":"Checkout V1.2 — draft editing order-draft-badge respects session draft policy on boot","invocations":1,"location":null,"numPassingAsserts":2,"retryReasons":[],"status":"passed","title":"order-draft-badge respects session draft policy on boot"},{"ancestorTitles":["Checkout V1.2 — draft editing"],"duration":1,"failureDetails":[],"failureMessages":[],"fullName":"Checkout V1.2 — draft editing guest-shell logout clears draft and restores on login","invocations":1,"location":null,"numPassingAsserts":4,"retryReasons":[],"status":"passed","title":"guest-shell logout clears draft and restores on login"}],"endTime":1788280372120,"message":"","name":"C:\\Users\\USER\\Desktop\\ervenow\\tests\\unit\\checkoutDraftEdit.test.js","startTime":1788280371993,"status":"passed","summary":""},{"assertionResults":[{"ancestorTitles":["financialDebtNotify"],"duration":2,"failureDetails":[],"failureMessages":[],"fullName":"financialDebtNotify buildLogError encodes kind and uid for throttle","invocations":1,"location":null,"numPassingAsserts":2,"retryReasons":[],"status":"passed","title":"buildLogError encodes kind and uid for throttle"},{"ancestorTitles":["financialDebtNotify"],"duration":3,"failureDetails":[],"failureMessages":[],"fullName":"financialDebtNotify throttles duplicate warn within 6h","invocations":1,"location":null,"numPassingAsserts":2,"retryReasons":[],"status":"passed","title":"throttles duplicate warn within 6h"},{"ancestorTitles":["financialDebtNotify"],"duration":14,"failureDetails":[],"failureMessages":[],"fullName":"financialDebtNotify sends block when warn was sent but block is new kind","invocations":1,"location":null,"numPassingAsserts":4,"retryReasons":[],"status":"passed","title":"sends block when warn was sent but block is new kind"}],"endTime":1788280372176,"message":"","name":"C:\\Users\\USER\\Desktop\\ervenow\\tests\\unit\\financialDebtNotify.test.js","startTime":1788280371988,"status":"passed","summary":""},{"assertionResults":[{"ancestorTitles":["deliveredFinancialSettlement"],"duration":2,"failureDetails":[],"failureMessages":[],"fullName":"deliveredFinancialSettlement always calls settle_delivered_order and driver credit fallback","invocations":1,"location":null,"numPassingAsserts":5,"retryReasons":[],"status":"passed","title":"always calls settle_delivered_order and driver credit fallback"},{"ancestorTitles":["deliveredFinancialSettlement"],"duration":2,"failureDetails":[],"failureMessages":[],"fullName":"deliveredFinancialSettlement credits driver via fallback when settle rpc returns zero driver","invocations":1,"location":null,"numPassingAsserts":2,"retryReasons":[],"status":"passed","title":"credits driver via fallback when settle rpc returns zero driver"},{"ancestorTitles":["deliveredFinancialSettlement"],"duration":1,"failureDetails":[],"failureMessages":[],"fullName":"deliveredFinancialSettlement credits provider when provider_id present","invocations":1,"location":null,"numPassingAsserts":1,"retryReasons":[],"status":"passed","title":"credits provider when provider_id present"}],"endTime":1788280372322,"message":"","name":"C:\\Users\\USER\\Desktop\\ervenow\\tests\\unit\\deliveredFinancialSettlement.test.js","startTime":1788280370174,"status":"passed","summary":""},{"assertionResults":[{"ancestorTitles":["ledgerWallet"],"duration":8,"failureDetails":[],"failureMessages":[],"fullName":"ledgerWallet aggregateLedgerTransactions computes balance credit - debit","invocations":1,"location":null,"numPassingAsserts":3,"retryReasons":[],"status":"passed","title":"aggregateLedgerTransactions computes balance credit - debit"},{"ancestorTitles":["ledgerWallet"],"duration":2,"failureDetails":[],"failureMessages":[],"fullName":"ledgerWallet getWalletMePayload uses ledger with last_transactions","invocations":1,"location":null,"numPassingAsserts":3,"retryReasons":[],"status":"passed","title":"getWalletMePayload uses ledger with last_transactions"},{"ancestorTitles":["ledgerWallet"],"duration":1,"failureDetails":[],"failureMessages":[],"fullName":"ledgerWallet getWalletMePayload returns empty ledger when no wallet row","invocations":1,"location":null,"numPassingAsserts":3,"retryReasons":[],"status":"passed","title":"getWalletMePayload returns empty ledger when no wallet row"},{"ancestorTitles":["ledgerWallet"],"duration":2,"failureDetails":[],"failureMessages":[],"fullName":"ledgerWallet uses ledger when has_data via getWalletPayloadWithLedgerFallback","invocations":1,"location":null,"numPassingAsserts":3,"retryReasons":[],"status":"passed","title":"uses ledger when has_data via getWalletPayloadWithLedgerFallback"},{"ancestorTitles":["ledgerWallet"],"duration":0,"failureDetails":[],"failureMessages":[],"fullName":"ledgerWallet getWalletPayloadWithLedgerFallback returns zero when ledger empty","invocations":1,"location":null,"numPassingAsserts":3,"retryReasons":[],"status":"passed","title":"getWalletPayloadWithLedgerFallback returns zero when ledger empty"},{"ancestorTitles":["ledgerWallet"],"duration":7,"failureDetails":[],"failureMessages":[],"fullName":"ledgerWallet admin finance summary from ledger rpc","invocations":1,"location":null,"numPassingAsserts":8,"retryReasons":[],"status":"passed","title":"admin finance summary from ledger rpc"},{"ancestorTitles":["ledgerWallet"],"duration":0,"failureDetails":[],"failureMessages":[],"fullName":"ledgerWallet computeFinancialAlertsFromLedger detects high debt and large withdrawal","invocations":1,"location":null,"numPassingAsserts":2,"retryReasons":[],"status":"passed","title":"computeFinancialAlertsFromLedger detects high debt and large withdrawal"}],"endTime":1788280372350,"message":"","name":"C:\\Users\\USER\\Desktop\\ervenow\\tests\\unit\\ledgerWallet.test.js","startTime":1788280368267,"status":"passed","summary":""},{"assertionResults":[{"ancestorTitles":["shadowLedger"],"duration":2,"failureDetails":[],"failureMessages":[],"fullName":"shadowLedger calls service booking rpc when type is service","invocations":1,"location":null,"numPassingAsserts":3,"retryReasons":[],"status":"passed","title":"calls service booking rpc when type is service"},{"ancestorTitles":["shadowLedger"],"duration":1,"failureDetails":[],"failureMessages":[],"fullName":"shadowLedger logs settlement done on ok rpc","invocations":1,"location":null,"numPassingAsserts":3,"retryReasons":[],"status":"passed","title":"logs settlement done on ok rpc"},{"ancestorTitles":["shadowLedger"],"duration":8,"failureDetails":[],"failureMessages":[],"fullName":"shadowLedger skips missing id without throwing","invocations":1,"location":null,"numPassingAsserts":2,"retryReasons":[],"status":"passed","title":"skips missing id without throwing"},{"ancestorTitles":["shadowLedger"],"duration":1,"failureDetails":[],"failureMessages":[],"fullName":"shadowLedger logs skip reason when rpc returns not_delivered","invocations":1,"location":null,"numPassingAsserts":2,"retryReasons":[],"status":"passed","title":"logs skip reason when rpc returns not_delivered"}],"endTime":1788280372392,"message":"","name":"C:\\Users\\USER\\Desktop\\ervenow\\tests\\unit\\shadowLedger.test.js","startTime":1788280372127,"status":"passed","summary":""},{"assertionResults":[{"ancestorTitles":["checkoutFromDraft"],"duration":2,"failureDetails":[],"failureMessages":[],"fullName":"checkoutFromDraft buildFinancialIntent matches store line totals","invocations":1,"location":null,"numPassingAsserts":5,"retryReasons":[],"status":"passed","title":"buildFinancialIntent matches store line totals"},{"ancestorTitles":["checkoutFromDraft"],"duration":1,"failureDetails":[],"failureMessages":[],"fullName":"checkoutFromDraft resolveDeliveryFeeFromDraft prefers draft.totals.delivery","invocations":1,"location":null,"numPassingAsserts":1,"retryReasons":[],"status":"passed","title":"resolveDeliveryFeeFromDraft prefers draft.totals.delivery"},{"ancestorTitles":["checkoutFromDraft"],"duration":2,"failureDetails":[],"failureMessages":[],"fullName":"checkoutFromDraft buildOrderCreatePayload includes coords for store delivery","invocations":1,"location":null,"numPassingAsserts":5,"retryReasons":[],"status":"passed","title":"buildOrderCreatePayload includes coords for store delivery"},{"ancestorTitles":["checkoutFromDraft"],"duration":1,"failureDetails":[],"failureMessages":[],"fullName":"checkoutFromDraft buildOrderCreatePayload sets ew_pay paid flags","invocations":1,"location":null,"numPassingAsserts":2,"retryReasons":[],"status":"passed","title":"buildOrderCreatePayload sets ew_pay paid flags"},{"ancestorTitles":["checkoutFromDraft"],"duration":0,"failureDetails":[],"failureMessages":[],"fullName":"checkoutFromDraft needsDeliveryCoords false for pickup","invocations":1,"location":null,"numPassingAsserts":1,"retryReasons":[],"status":"passed","title":"needsDeliveryCoords false for pickup"},{"ancestorTitles":["checkoutFromDraft"],"duration":0,"failureDetails":[],"failureMessages":[],"fullName":"checkoutFromDraft resolvePostCheckoutRedirectUrl tracks single delivery order","invocations":1,"location":null,"numPassingAsserts":1,"retryReasons":[],"status":"passed","title":"resolvePostCheckoutRedirectUrl tracks single delivery order"}],"endTime":1788280373022,"message":"","name":"C:\\Users\\USER\\Desktop\\ervenow\\tests\\unit\\checkoutFromDraft.test.js","startTime":1788280372328,"status":"passed","summary":""},{"assertionResults":[{"ancestorTitles":["mapsUrlParser"],"duration":1,"failureDetails":[],"failureMessages":[],"fullName":"mapsUrlParser parseLatLngPair with spaces","invocations":1,"location":null,"numPassingAsserts":1,"retryReasons":[],"status":"passed","title":"parseLatLngPair with spaces"},{"ancestorTitles":["mapsUrlParser"],"duration":2,"failureDetails":[],"failureMessages":[],"fullName":"mapsUrlParser google maps @ lat,lng","invocations":1,"location":null,"numPassingAsserts":2,"retryReasons":[],"status":"passed","title":"google maps @ lat,lng"},{"ancestorTitles":["mapsUrlParser"],"duration":1,"failureDetails":[],"failureMessages":[],"fullName":"mapsUrlParser google maps q= lat,lng","invocations":1,"location":null,"numPassingAsserts":1,"retryReasons":[],"status":"passed","title":"google maps q= lat,lng"},{"ancestorTitles":["mapsUrlParser"],"duration":2,"failureDetails":[],"failureMessages":[],"fullName":"mapsUrlParser encoded query","invocations":1,"location":null,"numPassingAsserts":1,"retryReasons":[],"status":"passed","title":"encoded query"},{"ancestorTitles":["mapsUrlParser"],"duration":1,"failureDetails":[],"failureMessages":[],"fullName":"mapsUrlParser !3d !4d in place url","invocations":1,"location":null,"numPassingAsserts":2,"retryReasons":[],"status":"passed","title":"!3d !4d in place url"},{"ancestorTitles":["mapsUrlParser"],"duration":1,"failureDetails":[],"failureMessages":[],"fullName":"mapsUrlParser dir first waypoint","invocations":1,"location":null,"numPassingAsserts":1,"retryReasons":[],"status":"passed","title":"dir first waypoint"},{"ancestorTitles":["mapsUrlParser"],"duration":1,"failureDetails":[],"failureMessages":[],"fullName":"mapsUrlParser detects maps.app.goo.gl short link","invocations":1,"location":null,"numPassingAsserts":2,"retryReasons":[],"status":"passed","title":"detects maps.app.goo.gl short link"},{"ancestorTitles":["mapsUrlParser"],"duration":1,"failureDetails":[],"failureMessages":[],"fullName":"mapsUrlParser apple maps ll=","invocations":1,"location":null,"numPassingAsserts":1,"retryReasons":[],"status":"passed","title":"apple maps ll="},{"ancestorTitles":["mapsUrlParser"],"duration":2,"failureDetails":[],"failureMessages":[],"fullName":"mapsUrlParser resolves maps.app.goo.gl via redirect (mocked fetch)","invocations":1,"location":null,"numPassingAsserts":3,"retryReasons":[],"status":"passed","title":"resolves maps.app.goo.gl via redirect (mocked fetch)"}],"endTime":1788280373028,"message":"","name":"C:\\Users\\USER\\Desktop\\ervenow\\tests\\unit\\mapsUrlParser.test.js","startTime":1788280372358,"status":"passed","summary":""},{"assertionResults":[{"ancestorTitles":["notificationEvents"],"duration":6,"failureDetails":[],"failureMessages":[],"fullName":"notificationEvents catalog has required sprint events","invocations":1,"location":null,"numPassingAsserts":54,"retryReasons":[],"status":"passed","title":"catalog has required sprint events"},{"ancestorTitles":["notificationEvents"],"duration":1,"failureDetails":[],"failureMessages":[],"fullName":"notificationEvents catalogEntry returns route metadata","invocations":1,"location":null,"numPassingAsserts":3,"retryReasons":[],"status":"passed","title":"catalogEntry returns route metadata"},{"ancestorTitles":["notificationEvents"],"duration":2,"failureDetails":[],"failureMessages":[],"fullName":"notificationEvents getNotificationAuditReport returns table rows","invocations":1,"location":null,"numPassingAsserts":5,"retryReasons":[],"status":"passed","title":"getNotificationAuditReport returns table rows"},{"ancestorTitles":["notificationEvents"],"duration":1,"failureDetails":[],"failureMessages":[],"fullName":"notificationEvents isCancelledStatus recognizes cancel variants","invocations":1,"location":null,"numPassingAsserts":3,"retryReasons":[],"status":"passed","title":"isCancelledStatus recognizes cancel variants"},{"ancestorTitles":["notificationEvents"],"duration":1,"failureDetails":[],"failureMessages":[],"fullName":"notificationEvents field change detectors","invocations":1,"location":null,"numPassingAsserts":4,"retryReasons":[],"status":"passed","title":"field change detectors"},{"ancestorTitles":["notificationEvents"],"duration":1,"failureDetails":[],"failureMessages":[],"fullName":"notificationEvents resolveWalletPortal maps roles","invocations":1,"location":null,"numPassingAsserts":3,"retryReasons":[],"status":"passed","title":"resolveWalletPortal maps roles"}],"endTime":1788280373284,"message":"","name":"C:\\Users\\USER\\Desktop\\ervenow\\tests\\unit\\notificationEvents.test.js","startTime":1788280371978,"status":"passed","summary":""},{"assertionResults":[{"ancestorTitles":["autoFreeze"],"duration":1,"failureDetails":[],"failureMessages":[],"fullName":"autoFreeze toAutoFreezeBalance maps positive debt to negative","invocations":1,"location":null,"numPassingAsserts":2,"retryReasons":[],"status":"passed","title":"toAutoFreezeBalance maps positive debt to negative"},{"ancestorTitles":["autoFreeze"],"duration":1,"failureDetails":[],"failureMessages":[],"fullName":"autoFreeze AUTO: warn then block thresholds","invocations":1,"location":null,"numPassingAsserts":3,"retryReasons":[],"status":"passed","title":"AUTO: warn then block thresholds"},{"ancestorTitles":["autoFreeze"],"duration":0,"failureDetails":[],"failureMessages":[],"fullName":"autoFreeze OFF uses legacy path only in assert (phase none)","invocations":1,"location":null,"numPassingAsserts":1,"retryReasons":[],"status":"passed","title":"OFF uses legacy path only in assert (phase none)"},{"ancestorTitles":["autoFreeze"],"duration":0,"failureDetails":[],"failureMessages":[],"fullName":"autoFreeze ON mode does not apply phased freeze (AUTO only)","invocations":1,"location":null,"numPassingAsserts":2,"retryReasons":[],"status":"passed","title":"ON mode does not apply phased freeze (AUTO only)"},{"ancestorTitles":["autoFreeze"],"duration":353,"failureDetails":[],"failureMessages":[],"fullName":"autoFreeze getDriverFreezeFlags — warn at 60, block at 120 when AUTO","invocations":1,"location":null,"numPassingAsserts":6,"retryReasons":[],"status":"passed","title":"getDriverFreezeFlags — warn at 60, block at 120 when AUTO"},{"ancestorTitles":["autoFreeze"],"duration":6,"failureDetails":[],"failureMessages":[],"fullName":"autoFreeze applyAutoFreezeGate returns block message","invocations":1,"location":null,"numPassingAsserts":2,"retryReasons":[],"status":"passed","title":"applyAutoFreezeGate returns block message"}],"endTime":1788280373285,"message":"","name":"C:\\Users\\USER\\Desktop\\ervenow\\tests\\unit\\autoFreeze.test.js","startTime":1788280372208,"status":"passed","summary":""},{"assertionResults":[{"ancestorTitles":["providerLedgerCredit"],"duration":1,"failureDetails":[],"failureMessages":[],"fullName":"providerLedgerCredit resolveProviderCreditAmount uses data.provider_net when present","invocations":1,"location":null,"numPassingAsserts":1,"retryReasons":[],"status":"passed","title":"resolveProviderCreditAmount uses data.provider_net when present"},{"ancestorTitles":["providerLedgerCredit"],"duration":1,"failureDetails":[],"failureMessages":[],"fullName":"providerLedgerCredit resolveProviderCreditAmount falls back to total minus commission","invocations":1,"location":null,"numPassingAsserts":1,"retryReasons":[],"status":"passed","title":"resolveProviderCreditAmount falls back to total minus commission"},{"ancestorTitles":["providerLedgerCredit"],"duration":2,"failureDetails":[],"failureMessages":[],"fullName":"providerLedgerCredit calls ervenow_ledger_credit with provider_net not total_amount","invocations":1,"location":null,"numPassingAsserts":3,"retryReasons":[],"status":"passed","title":"calls ervenow_ledger_credit with provider_net not total_amount"},{"ancestorTitles":["providerLedgerCredit"],"duration":1,"failureDetails":[],"failureMessages":[],"fullName":"providerLedgerCredit skips when provider_id missing","invocations":1,"location":null,"numPassingAsserts":3,"retryReasons":[],"status":"passed","title":"skips when provider_id missing"},{"ancestorTitles":["providerLedgerCredit"],"duration":0,"failureDetails":[],"failureMessages":[],"fullName":"providerLedgerCredit skips when credit amount missing or zero","invocations":1,"location":null,"numPassingAsserts":2,"retryReasons":[],"status":"passed","title":"skips when credit amount missing or zero"},{"ancestorTitles":["providerLedgerCredit"],"duration":1,"failureDetails":[],"failureMessages":[],"fullName":"providerLedgerCredit treats duplicate rpc as success","invocations":1,"location":null,"numPassingAsserts":2,"retryReasons":[],"status":"passed","title":"treats duplicate rpc as success"}],"endTime":1788280373358,"message":"","name":"C:\\Users\\USER\\Desktop\\ervenow\\tests\\unit\\providerLedgerCredit.test.js","startTime":1788280373033,"status":"passed","summary":""},{"assertionResults":[{"ancestorTitles":["Checkout Engine Phase 5 — cutover"],"duration":2,"failureDetails":[],"failureMessages":[],"fullName":"Checkout Engine Phase 5 — cutover GET /cart redirects to /checkout","invocations":1,"location":null,"numPassingAsserts":2,"retryReasons":[],"status":"passed","title":"GET /cart redirects to /checkout"},{"ancestorTitles":["Checkout Engine Phase 5 — cutover"],"duration":2,"failureDetails":[],"failureMessages":[],"fullName":"Checkout Engine Phase 5 — cutover index.html uses draft badge instead of legacy mini cart","invocations":1,"location":null,"numPassingAsserts":4,"retryReasons":[],"status":"passed","title":"index.html uses draft badge instead of legacy mini cart"},{"ancestorTitles":["Checkout Engine Phase 5 — cutover"],"duration":1,"failureDetails":[],"failureMessages":[],"fullName":"Checkout Engine Phase 5 — cutover guest-shell header links to /checkout","invocations":1,"location":null,"numPassingAsserts":3,"retryReasons":[],"status":"passed","title":"guest-shell header links to /checkout"},{"ancestorTitles":["Checkout Engine Phase 5 — cutover"],"duration":5,"failureDetails":[],"failureMessages":[],"fullName":"Checkout Engine Phase 5 — cutover customer pages no longer load cart.js for badge-only shells","invocations":1,"location":null,"numPassingAsserts":12,"retryReasons":[],"status":"passed","title":"customer pages no longer load cart.js for badge-only shells"},{"ancestorTitles":["Checkout Engine Phase 5 — cutover"],"duration":1,"failureDetails":[],"failureMessages":[],"fullName":"Checkout Engine Phase 5 — cutover cart-ui mountGuestHeaderCart does not inject lpCart drawer","invocations":1,"location":null,"numPassingAsserts":3,"retryReasons":[],"status":"passed","title":"cart-ui mountGuestHeaderCart does not inject lpCart drawer"},{"ancestorTitles":["Checkout Engine Phase 5 — cutover"],"duration":2,"failureDetails":[],"failureMessages":[],"fullName":"Checkout Engine Phase 5 — cutover legacy cart.js traffic redirects to /checkout","invocations":1,"location":null,"numPassingAsserts":2,"retryReasons":[],"status":"passed","title":"legacy cart.js traffic redirects to /checkout"}],"endTime":1788280373392,"message":"","name":"C:\\Users\\USER\\Desktop\\ervenow\\tests\\unit\\checkoutEnginePhase5Cutover.test.js","startTime":1788280373291,"status":"passed","summary":""},{"assertionResults":[{"ancestorTitles":["delivery lifecycle (helpers)"],"duration":2,"failureDetails":[],"failureMessages":[],"fullName":"delivery lifecycle (helpers) pending → accepted","invocations":1,"location":null,"numPassingAsserts":1,"retryReasons":[],"status":"passed","title":"pending → accepted"},{"ancestorTitles":["delivery lifecycle (helpers)"],"duration":0,"failureDetails":[],"failureMessages":[],"fullName":"delivery lifecycle (helpers) accepted → delivering (skip picked)","invocations":1,"location":null,"numPassingAsserts":1,"retryReasons":[],"status":"passed","title":"accepted → delivering (skip picked)"},{"ancestorTitles":["delivery lifecycle (helpers)"],"duration":0,"failureDetails":[],"failureMessages":[],"fullName":"delivery lifecycle (helpers) delivering → delivered","invocations":1,"location":null,"numPassingAsserts":1,"retryReasons":[],"status":"passed","title":"delivering → delivered"},{"ancestorTitles":["delivery lifecycle (helpers)"],"duration":1,"failureDetails":[],"failureMessages":[],"fullName":"delivery lifecycle (helpers) accepted → delivered (driver shortcut)","invocations":1,"location":null,"numPassingAsserts":1,"retryReasons":[],"status":"passed","title":"accepted → delivered (driver shortcut)"},{"ancestorTitles":["delivery lifecycle (helpers)"],"duration":0,"failureDetails":[],"failureMessages":[],"fullName":"delivery lifecycle (helpers) pending → delivered (invalid)","invocations":1,"location":null,"numPassingAsserts":1,"retryReasons":[],"status":"passed","title":"pending → delivered (invalid)"},{"ancestorTitles":["delivery lifecycle (helpers)"],"duration":1,"failureDetails":[],"failureMessages":[],"fullName":"delivery lifecycle (helpers) draft → pending (payment publish)","invocations":1,"location":null,"numPassingAsserts":1,"retryReasons":[],"status":"passed","title":"draft → pending (payment publish)"},{"ancestorTitles":["delivery lifecycle (helpers)"],"duration":0,"failureDetails":[],"failureMessages":[],"fullName":"delivery lifecycle (helpers) draft → accepted (invalid)","invocations":1,"location":null,"numPassingAsserts":1,"retryReasons":[],"status":"passed","title":"draft → accepted (invalid)"},{"ancestorTitles":["deliveryStateMachine guard (defense in depth)"],"duration":1,"failureDetails":[],"failureMessages":[],"fullName":"deliveryStateMachine guard (defense in depth) map includes expected keys","invocations":1,"location":null,"numPassingAsserts":2,"retryReasons":[],"status":"passed","title":"map includes expected keys"},{"ancestorTitles":["deliveryStateMachine guard (defense in depth)"],"duration":1,"failureDetails":[],"failureMessages":[],"fullName":"deliveryStateMachine guard (defense in depth) isAllowed matches helpers for normal flow","invocations":1,"location":null,"numPassingAsserts":2,"retryReasons":[],"status":"passed","title":"isAllowed matches helpers for normal flow"},{"ancestorTitles":["deliveryLifecycleIndex"],"duration":8,"failureDetails":[],"failureMessages":[],"fullName":"deliveryLifecycleIndex ordering is monotonic for main path","invocations":1,"location":null,"numPassingAsserts":8,"retryReasons":[],"status":"passed","title":"ordering is monotonic for main path"}],"endTime":1788280373425,"message":"","name":"C:\\Users\\USER\\Desktop\\ervenow\\tests\\unit\\deliveryLifecycle.transitions.test.js","startTime":1788280373289,"status":"passed","summary":""},{"assertionResults":[{"ancestorTitles":["verticalDraftBridge"],"duration":5,"failureDetails":[],"failureMessages":[],"fullName":"verticalDraftBridge commitItemToDraft writes draft and does not touch cart key","invocations":1,"location":null,"numPassingAsserts":4,"retryReasons":[],"status":"passed","title":"commitItemToDraft writes draft and does not touch cart key"},{"ancestorTitles":["verticalDraftBridge"],"duration":1,"failureDetails":[],"failureMessages":[],"fullName":"verticalDraftBridge mergeItemIntoItems rejects mixed stores","invocations":1,"location":null,"numPassingAsserts":1,"retryReasons":[],"status":"passed","title":"mergeItemIntoItems rejects mixed stores"},{"ancestorTitles":["verticalDraftBridge"],"duration":0,"failureDetails":[],"failureMessages":[],"fullName":"verticalDraftBridge validateSaPhone normalizes 966 format","invocations":1,"location":null,"numPassingAsserts":1,"retryReasons":[],"status":"passed","title":"validateSaPhone normalizes 966 format"},{"ancestorTitles":["verticalDraftBridge"],"duration":1,"failureDetails":[],"failureMessages":[],"fullName":"verticalDraftBridge assertSnapshotCompatibleWithItems enforces unified fulfillment","invocations":1,"location":null,"numPassingAsserts":1,"retryReasons":[],"status":"passed","title":"assertSnapshotCompatibleWithItems enforces unified fulfillment"}],"endTime":1788280373498,"message":"","name":"C:\\Users\\USER\\Desktop\\ervenow\\tests\\unit\\verticalDraftBridge.test.js","startTime":1788280373034,"status":"passed","summary":""},{"assertionResults":[{"ancestorTitles":["unified customer WhatsApp messages"],"duration":3,"failureDetails":[],"failureMessages":[],"fullName":"unified customer WhatsApp messages paid message includes welcome, order no, details, phone, track link with order number","invocations":1,"location":null,"numPassingAsserts":6,"retryReasons":[],"status":"passed","title":"paid message includes welcome, order no, details, phone, track link with order number"},{"ancestorTitles":["unified customer WhatsApp messages"],"duration":1,"failureDetails":[],"failureMessages":[],"fullName":"unified customer WhatsApp messages accepted message uses unified accept wording","invocations":1,"location":null,"numPassingAsserts":3,"retryReasons":[],"status":"passed","title":"accepted message uses unified accept wording"},{"ancestorTitles":["unified customer WhatsApp messages"],"duration":0,"failureDetails":[],"failureMessages":[],"fullName":"unified customer WhatsApp messages picked up message mentions on the way","invocations":1,"location":null,"numPassingAsserts":2,"retryReasons":[],"status":"passed","title":"picked up message mentions on the way"},{"ancestorTitles":["unified customer WhatsApp messages"],"duration":1,"failureDetails":[],"failureMessages":[],"fullName":"unified customer WhatsApp messages arrived message uses destination wording","invocations":1,"location":null,"numPassingAsserts":2,"retryReasons":[],"status":"passed","title":"arrived message uses destination wording"},{"ancestorTitles":["unified customer WhatsApp messages"],"duration":1,"failureDetails":[],"failureMessages":[],"fullName":"unified customer WhatsApp messages track url prefers order number","invocations":1,"location":null,"numPassingAsserts":2,"retryReasons":[],"status":"passed","title":"track url prefers order number"}],"endTime":1788280373509,"message":"","name":"C:\\Users\\USER\\Desktop\\ervenow\\tests\\unit\\customerWhatsAppMessages.test.js","startTime":1788280372399,"status":"passed","summary":""},{"assertionResults":[{"ancestorTitles":["notificationPortalRouting"],"duration":1,"failureDetails":[],"failureMessages":[],"fullName":"notificationPortalRouting enrichRoutedNotificationInput adds target_portal","invocations":1,"location":null,"numPassingAsserts":2,"retryReasons":[],"status":"passed","title":"enrichRoutedNotificationInput adds target_portal"},{"ancestorTitles":["notificationPortalRouting"],"duration":1,"failureDetails":[],"failureMessages":[],"fullName":"notificationPortalRouting filters notifications by portal context","invocations":1,"location":null,"numPassingAsserts":2,"retryReasons":[],"status":"passed","title":"filters notifications by portal context"},{"ancestorTitles":["notificationPortalRouting"],"duration":0,"failureDetails":[],"failureMessages":[],"fullName":"notificationPortalRouting splits service vs transport by event prefix when target_portal missing","invocations":1,"location":null,"numPassingAsserts":5,"retryReasons":[],"status":"passed","title":"splits service vs transport by event prefix when target_portal missing"},{"ancestorTitles":["notificationPortalRouting"],"duration":1,"failureDetails":[],"failureMessages":[],"fullName":"notificationPortalRouting portalRoleForProvider matches services routes","invocations":1,"location":null,"numPassingAsserts":2,"retryReasons":[],"status":"passed","title":"portalRoleForProvider matches services routes"}],"endTime":1788280373654,"message":"","name":"C:\\Users\\USER\\Desktop\\ervenow\\tests\\unit\\notificationPortalRouting.test.js","startTime":1788280373364,"status":"passed","summary":""},{"assertionResults":[{"ancestorTitles":["settlementGuard"],"duration":2,"failureDetails":[],"failureMessages":[],"fullName":"settlementGuard proceeds when RPC returns true","invocations":1,"location":null,"numPassingAsserts":2,"retryReasons":[],"status":"passed","title":"proceeds when RPC returns true"},{"ancestorTitles":["settlementGuard"],"duration":0,"failureDetails":[],"failureMessages":[],"fullName":"settlementGuard skips when RPC returns false (duplicate)","invocations":1,"location":null,"numPassingAsserts":1,"retryReasons":[],"status":"passed","title":"skips when RPC returns false (duplicate)"},{"ancestorTitles":["settlementGuard"],"duration":3,"failureDetails":[],"failureMessages":[],"fullName":"settlementGuard proceeds when settlement_log missing in ledger_only (ledger reference_id idempotent)","invocations":1,"location":null,"numPassingAsserts":1,"retryReasons":[],"status":"passed","title":"proceeds when settlement_log missing in ledger_only (ledger reference_id idempotent)"},{"ancestorTitles":["settlementGuard"],"duration":1,"failureDetails":[],"failureMessages":[],"fullName":"settlementGuard proceeds when settlement_log missing in legacy mode","invocations":1,"location":null,"numPassingAsserts":1,"retryReasons":[],"status":"passed","title":"proceeds when settlement_log missing in legacy mode"}],"endTime":1788280373710,"message":"","name":"C:\\Users\\USER\\Desktop\\ervenow\\tests\\unit\\settlementGuard.test.js","startTime":1788280373514,"status":"passed","summary":""},{"assertionResults":[{"ancestorTitles":["marketingEngine M1"],"duration":3,"failureDetails":[],"failureMessages":[],"fullName":"marketingEngine M1 buildDefaultExperience home has hub and main modules","invocations":1,"location":null,"numPassingAsserts":4,"retryReasons":[],"status":"passed","title":"buildDefaultExperience home has hub and main modules"},{"ancestorTitles":["marketingEngine M1"],"duration":1,"failureDetails":[],"failureMessages":[],"fullName":"marketingEngine M1 resolveModuleVisibility respects hidden status","invocations":1,"location":null,"numPassingAsserts":2,"retryReasons":[],"status":"passed","title":"resolveModuleVisibility respects hidden status"},{"ancestorTitles":["marketingEngine M1"],"duration":0,"failureDetails":[],"failureMessages":[],"fullName":"marketingEngine M1 resolveModuleVisibility scheduled before start","invocations":1,"location":null,"numPassingAsserts":2,"retryReasons":[],"status":"passed","title":"resolveModuleVisibility scheduled before start"},{"ancestorTitles":["marketingEngine M1"],"duration":1,"failureDetails":[],"failureMessages":[],"fullName":"marketingEngine M1 locked modules stay visible","invocations":1,"location":null,"numPassingAsserts":1,"retryReasons":[],"status":"passed","title":"locked modules stay visible"},{"ancestorTitles":["marketingEngine M1"],"duration":3,"failureDetails":[],"failureMessages":[],"fullName":"marketingEngine M1 buildPublicExperience sorts by display_order","invocations":1,"location":null,"numPassingAsserts":1,"retryReasons":[],"status":"passed","title":"buildPublicExperience sorts by display_order"},{"ancestorTitles":["marketingEngine M1"],"duration":12,"failureDetails":[],"failureMessages":[],"fullName":"marketingEngine M1 updateExperienceModules writes audit on change","invocations":1,"location":null,"numPassingAsserts":1,"retryReasons":[],"status":"passed","title":"updateExperienceModules writes audit on change"}],"endTime":1788280373714,"message":"","name":"C:\\Users\\USER\\Desktop\\ervenow\\tests\\unit\\marketingEngine.test.js","startTime":1788280373431,"status":"passed","summary":""},{"assertionResults":[{"ancestorTitles":["storeOrderBoard"],"duration":2,"failureDetails":[],"failureMessages":[],"fullName":"storeOrderBoard normalizeBoardStatus maps aliases","invocations":1,"location":null,"numPassingAsserts":4,"retryReasons":[],"status":"passed","title":"normalizeBoardStatus maps aliases"},{"ancestorTitles":["storeOrderBoard"],"duration":1,"failureDetails":[],"failureMessages":[],"fullName":"storeOrderBoard countOrdersByStatus tallies board buckets","invocations":1,"location":null,"numPassingAsserts":1,"retryReasons":[],"status":"passed","title":"countOrdersByStatus tallies board buckets"},{"ancestorTitles":["storeOrderBoard"],"duration":1,"failureDetails":[],"failureMessages":[],"fullName":"storeOrderBoard enrichOrderForBoard computes financial fields","invocations":1,"location":null,"numPassingAsserts":7,"retryReasons":[],"status":"passed","title":"enrichOrderForBoard computes financial fields"},{"ancestorTitles":["storeOrderBoard"],"duration":0,"failureDetails":[],"failureMessages":[],"fullName":"storeOrderBoard financialStatusForOrder labels","invocations":1,"location":null,"numPassingAsserts":3,"retryReasons":[],"status":"passed","title":"financialStatusForOrder labels"},{"ancestorTitles":["storeOrderBoard"],"duration":1,"failureDetails":[],"failureMessages":[],"fullName":"storeOrderBoard itemCountFromOrder sums qty","invocations":1,"location":null,"numPassingAsserts":1,"retryReasons":[],"status":"passed","title":"itemCountFromOrder sums qty"}],"endTime":1788280373717,"message":"","name":"C:\\Users\\USER\\Desktop\\ervenow\\tests\\unit\\storeOrderBoard.test.js","startTime":1788280373398,"status":"passed","summary":""},{"assertionResults":[{"ancestorTitles":["cart financial intent (Phase E)"],"duration":2,"failureDetails":[],"failureMessages":[],"fullName":"cart financial intent (Phase E) store line: merchant_net = goods - 7%, driver_net = delivery - 7% delivery commission","invocations":1,"location":null,"numPassingAsserts":5,"retryReasons":[],"status":"passed","title":"store line: merchant_net = goods - 7%, driver_net = delivery - 7% delivery commission"}],"endTime":1788280373858,"message":"","name":"C:\\Users\\USER\\Desktop\\ervenow\\tests\\unit\\cartFinancialIntent.test.js","startTime":1788280373658,"status":"passed","summary":""},{"assertionResults":[{"ancestorTitles":["deliveryPolicyEngine"],"duration":3,"failureDetails":[],"failureMessages":[],"fullName":"deliveryPolicyEngine normalizeDeliveryPolicy defaults unknown to ervenow_delivery","invocations":1,"location":null,"numPassingAsserts":2,"retryReasons":[],"status":"passed","title":"normalizeDeliveryPolicy defaults unknown to ervenow_delivery"},{"ancestorTitles":["deliveryPolicyEngine"],"duration":2,"failureDetails":[],"failureMessages":[],"fullName":"deliveryPolicyEngine fulfillmentAllowedForStore respects store_plus_ervenow","invocations":1,"location":null,"numPassingAsserts":3,"retryReasons":[],"status":"passed","title":"fulfillmentAllowedForStore respects store_plus_ervenow"},{"ancestorTitles":["deliveryPolicyEngine"],"duration":3,"failureDetails":[],"failureMessages":[],"fullName":"deliveryPolicyEngine computeDeliveryFeeQuote — product includes delivery","invocations":1,"location":null,"numPassingAsserts":3,"retryReasons":[],"status":"passed","title":"computeDeliveryFeeQuote — product includes delivery"},{"ancestorTitles":["deliveryPolicyEngine"],"duration":1,"failureDetails":[],"failureMessages":[],"fullName":"deliveryPolicyEngine computeDeliveryFeeQuote — min_order free","invocations":1,"location":null,"numPassingAsserts":2,"retryReasons":[],"status":"passed","title":"computeDeliveryFeeQuote — min_order free"},{"ancestorTitles":["deliveryPolicyEngine"],"duration":0,"failureDetails":[],"failureMessages":[],"fullName":"deliveryPolicyEngine pickup fulfillment has zero fee","invocations":1,"location":null,"numPassingAsserts":2,"retryReasons":[],"status":"passed","title":"pickup fulfillment has zero fee"}],"endTime":1788280374111,"message":"","name":"C:\\Users\\USER\\Desktop\\ervenow\\tests\\unit\\deliveryPolicyEngine.test.js","startTime":1788280373729,"status":"passed","summary":""},{"assertionResults":[{"ancestorTitles":["broadcast targeting"],"duration":1,"failureDetails":[],"failureMessages":[],"fullName":"broadcast targeting transport targets pickup_truck providers","invocations":1,"location":null,"numPassingAsserts":2,"retryReasons":[],"status":"passed","title":"transport targets pickup_truck providers"},{"ancestorTitles":["broadcast targeting"],"duration":1,"failureDetails":[],"failureMessages":[],"fullName":"broadcast targeting drivers target delivery drivers only","invocations":1,"location":null,"numPassingAsserts":4,"retryReasons":[],"status":"passed","title":"drivers target delivery drivers only"},{"ancestorTitles":["notification href resolver"],"duration":0,"failureDetails":[],"failureMessages":[],"fullName":"notification href resolver mapRoleToRecipientType via broadcast module","invocations":1,"location":null,"numPassingAsserts":1,"retryReasons":[],"status":"passed","title":"mapRoleToRecipientType via broadcast module"}],"endTime":1788280374200,"message":"","name":"C:\\Users\\USER\\Desktop\\ervenow\\tests\\unit\\broadcastNotify.test.js","startTime":1788280373726,"status":"passed","summary":""},{"assertionResults":[{"ancestorTitles":["publishDraftOrderAfterPayment"],"duration":2,"failureDetails":[],"failureMessages":[],"fullName":"publishDraftOrderAfterPayment publishes draft service order after EW PAY and notifies providers","invocations":1,"location":null,"numPassingAsserts":3,"retryReasons":[],"status":"passed","title":"publishes draft service order after EW PAY and notifies providers"},{"ancestorTitles":["publishDraftOrderAfterPayment"],"duration":1,"failureDetails":[],"failureMessages":[],"fullName":"publishDraftOrderAfterPayment skips when order is already pending","invocations":1,"location":null,"numPassingAsserts":3,"retryReasons":[],"status":"passed","title":"skips when order is already pending"},{"ancestorTitles":["publishDraftOrderAfterPayment"],"duration":1,"failureDetails":[],"failureMessages":[],"fullName":"publishDraftOrderAfterPayment skips when payment is not confirmed","invocations":1,"location":null,"numPassingAsserts":3,"retryReasons":[],"status":"passed","title":"skips when payment is not confirmed"}],"endTime":1788280374204,"message":"","name":"C:\\Users\\USER\\Desktop\\ervenow\\tests\\unit\\publishOrderAfterPayment.test.js","startTime":1788280373719,"status":"passed","summary":""},{"assertionResults":[{"ancestorTitles":["Checkout Engine Phase 3 — vertical draft wiring"],"duration":7,"failureDetails":[],"failureMessages":[],"fullName":"Checkout Engine Phase 3 — vertical draft wiring vertical entry pages load order-draft-vertical.js","invocations":1,"location":null,"numPassingAsserts":14,"retryReasons":[],"status":"passed","title":"vertical entry pages load order-draft-vertical.js"},{"ancestorTitles":["Checkout Engine Phase 3 — vertical draft wiring"],"duration":3,"failureDetails":[],"failureMessages":[],"fullName":"Checkout Engine Phase 3 — vertical draft wiring vertical entry pages do not call legacy cart add APIs inline","invocations":1,"location":null,"numPassingAsserts":1,"retryReasons":[],"status":"passed","title":"vertical entry pages do not call legacy cart add APIs inline"},{"ancestorTitles":["Checkout Engine Phase 3 — vertical draft wiring"],"duration":1,"failureDetails":[],"failureMessages":[],"fullName":"Checkout Engine Phase 3 — vertical draft wiring delivery-map-page.js commits via ErvenowOrderDraftVertical","invocations":1,"location":null,"numPassingAsserts":3,"retryReasons":[],"status":"passed","title":"delivery-map-page.js commits via ErvenowOrderDraftVertical"},{"ancestorTitles":["Checkout Engine Phase 3 — vertical draft wiring"],"duration":1,"failureDetails":[],"failureMessages":[],"fullName":"Checkout Engine Phase 3 — vertical draft wiring pre-cart-delivery reads draft items not getCart","invocations":1,"location":null,"numPassingAsserts":2,"retryReasons":[],"status":"passed","title":"pre-cart-delivery reads draft items not getCart"}],"endTime":1788280374301,"message":"","name":"C:\\Users\\USER\\Desktop\\ervenow\\tests\\unit\\checkoutEnginePhase3.test.js","startTime":1788280374211,"status":"passed","summary":""},{"assertionResults":[{"ancestorTitles":["orderDisplayFields"],"duration":2,"failureDetails":[],"failureMessages":[],"fullName":"orderDisplayFields storeNameFromOrder reads column then data","invocations":1,"location":null,"numPassingAsserts":4,"retryReasons":[],"status":"passed","title":"storeNameFromOrder reads column then data"},{"ancestorTitles":["orderDisplayFields"],"duration":1,"failureDetails":[],"failureMessages":[],"fullName":"orderDisplayFields breakdownFromOrder reads column then data.breakdown","invocations":1,"location":null,"numPassingAsserts":3,"retryReasons":[],"status":"passed","title":"breakdownFromOrder reads column then data.breakdown"},{"ancestorTitles":["orderDisplayFields"],"duration":0,"failureDetails":[],"failureMessages":[],"fullName":"orderDisplayFields enrichDriverOrderRow adds store_name and breakdown from data","invocations":1,"location":null,"numPassingAsserts":2,"retryReasons":[],"status":"passed","title":"enrichDriverOrderRow adds store_name and breakdown from data"},{"ancestorTitles":["orderDisplayFields"],"duration":0,"failureDetails":[],"failureMessages":[],"fullName":"orderDisplayFields enrichDriverOrderRows maps array","invocations":1,"location":null,"numPassingAsserts":1,"retryReasons":[],"status":"passed","title":"enrichDriverOrderRows maps array"},{"ancestorTitles":["orderDisplayFields"],"duration":1,"failureDetails":[],"failureMessages":[],"fullName":"orderDisplayFields isOrdersColumnError helpers","invocations":1,"location":null,"numPassingAsserts":4,"retryReasons":[],"status":"passed","title":"isOrdersColumnError helpers"}],"endTime":1788280374311,"message":"","name":"C:\\Users\\USER\\Desktop\\ervenow\\tests\\unit\\orderDisplayFields.test.js","startTime":1788280374209,"status":"passed","summary":""},{"assertionResults":[{"ancestorTitles":["car transport provider WhatsApp"],"duration":3,"failureDetails":[],"failureMessages":[],"fullName":"car transport provider WhatsApp initial notify has reserve deep link without full transport details","invocations":1,"location":null,"numPassingAsserts":8,"retryReasons":[],"status":"passed","title":"initial notify has reserve deep link without full transport details"},{"ancestorTitles":["car transport provider WhatsApp"],"duration":0,"failureDetails":[],"failureMessages":[],"fullName":"car transport provider WhatsApp reserve details message includes transport maps and phones","invocations":1,"location":null,"numPassingAsserts":5,"retryReasons":[],"status":"passed","title":"reserve details message includes transport maps and phones"}],"endTime":1788280374396,"message":"","name":"C:\\Users\\USER\\Desktop\\ervenow\\tests\\unit\\carTransportProviderWhatsApp.test.js","startTime":1788280373863,"status":"passed","summary":""},{"assertionResults":[{"ancestorTitles":["B2C legacy order routes"],"duration":56,"failureDetails":[],"failureMessages":[],"fullName":"B2C legacy order routes customer-facing public files do not reference legacy order API paths","invocations":1,"location":null,"numPassingAsserts":1,"retryReasons":[],"status":"passed","title":"customer-facing public files do not reference legacy order API paths"},{"ancestorTitles":["B2C legacy order routes"],"duration":2,"failureDetails":[],"failureMessages":[],"fullName":"B2C legacy order routes cart checkout uses unified POST /api/order/create","invocations":1,"location":null,"numPassingAsserts":4,"retryReasons":[],"status":"passed","title":"cart checkout uses unified POST /api/order/create"}],"endTime":1788280374522,"message":"","name":"C:\\Users\\USER\\Desktop\\ervenow\\tests\\unit\\b2cLegacyRoutes.test.js","startTime":1788280374123,"status":"passed","summary":""},{"assertionResults":[{"ancestorTitles":["driverStoreHandoff"],"duration":5,"failureDetails":[],"failureMessages":[],"fullName":"driverStoreHandoff isMerchantDispatchOrder detects store and restaurant","invocations":1,"location":null,"numPassingAsserts":4,"retryReasons":[],"status":"passed","title":"isMerchantDispatchOrder detects store and restaurant"},{"ancestorTitles":["driverStoreHandoff"],"duration":2,"failureDetails":[],"failureMessages":[],"fullName":"driverStoreHandoff pending store orders excluded from legacy open pool","invocations":1,"location":null,"numPassingAsserts":2,"retryReasons":[],"status":"passed","title":"pending store orders excluded from legacy open pool"},{"ancestorTitles":["driverStoreHandoff"],"duration":1,"failureDetails":[],"failureMessages":[],"fullName":"driverStoreHandoff ready merchant orders appear in ready queue","invocations":1,"location":null,"numPassingAsserts":2,"retryReasons":[],"status":"passed","title":"ready merchant orders appear in ready queue"},{"ancestorTitles":["driverStoreHandoff"],"duration":3,"failureDetails":[],"failureMessages":[],"fullName":"driverStoreHandoff active assigned includes picked_up","invocations":1,"location":null,"numPassingAsserts":2,"retryReasons":[],"status":"passed","title":"active assigned includes picked_up"}],"endTime":1788280374625,"message":"","name":"C:\\Users\\USER\\Desktop\\ervenow\\tests\\unit\\driverStoreHandoff.test.js","startTime":1788280374400,"status":"passed","summary":""},{"assertionResults":[{"ancestorTitles":["ordersSchemaOptional.selectOrdersResilient"],"duration":2,"failureDetails":[],"failureMessages":[],"fullName":"ordersSchemaOptional.selectOrdersResilient drops missing column and retries","invocations":1,"location":null,"numPassingAsserts":4,"retryReasons":[],"status":"passed","title":"drops missing column and retries"},{"ancestorTitles":["ordersSchemaOptional.selectOrdersResilient"],"duration":0,"failureDetails":[],"failureMessages":[],"fullName":"ordersSchemaOptional.selectOrdersResilient parseMissingOrdersColumnFromError","invocations":1,"location":null,"numPassingAsserts":2,"retryReasons":[],"status":"passed","title":"parseMissingOrdersColumnFromError"}],"endTime":1788280374737,"message":"","name":"C:\\Users\\USER\\Desktop\\ervenow\\tests\\unit\\ordersSchemaOptional.test.js","startTime":1788280374317,"status":"passed","summary":""},{"assertionResults":[{
[...]
\Desktop\\ervenow\\tests\\unit\\adminRoleTaxonomy.test.js","startTime":1788280375411,"status":"failed","summary":""},{"assertionResults":[{"ancestorTitles":["checkout service ew_pay"],"duration":18,"failureDetails":[],"failureMessages":[],"fullName":"checkout service ew_pay runCheckoutInsert does not throw TDZ and calls ew_pay after insert","invocations":1,"location":null,"numPassingAsserts":2,"retryReasons":[],"status":"passed","title":"runCheckoutInsert does not throw TDZ and calls ew_pay after insert"}],"endTime":1788280376038,"message":"","name":"C:\\Users\\USER\\Desktop\\ervenow\\tests\\unit\\checkoutServiceEwPay.test.js","startTime":1788280370115,"status":"passed","summary":""},{"assertionResults":[{"ancestorTitles":["runUnifiedDeliveryOnlyCreate — parity delivery vs order"],"duration":23,"failureDetails":[],"failureMessages":[],"fullName":"runUnifiedDeliveryOnlyCreate — parity delivery vs order same coordinates → same delivery_fee and order_number (gate off)","invocations":1,"location":null,"numPassingAsserts":7,"retryReasons":[],"status":"passed","title":"same coordinates → same delivery_fee and order_number (gate off)"},{"ancestorTitles":["runUnifiedDeliveryOnlyCreate — parity delivery vs order"],"duration":3,"failureDetails":[],"failureMessages":[],"fullName":"runUnifiedDeliveryOnlyCreate — parity delivery vs order delivery entry ignores payment gate; order entry respects draft when unpaid","invocations":1,"location":null,"numPassingAsserts":2,"retryReasons":[],"status":"passed","title":"delivery entry ignores payment gate; order entry respects draft when unpaid"},{"ancestorTitles":["runUnifiedDeliveryOnlyCreate — parity delivery vs order"],"duration":1,"failureDetails":[],"failureMessages":[],"fullName":"runUnifiedDeliveryOnlyCreate — parity delivery vs order X-Source + default series_source only for delivery entry","invocations":1,"location":null,"numPassingAsserts":2,"retryReasons":[],"status":"passed","title":"X-Source + default series_source only for delivery entry"}],"endTime":1788280376068,"message":"","name":"C:\\Users\\USER\\Desktop\\ervenow\\tests\\integration\\deliveryOrderEntry.parity.test.js","startTime":1788280368271,"status":"passed","summary":""},{"assertionResults":[{"ancestorTitles":["orderTrackingCoords"],"duration":2,"failureDetails":[],"failureMessages":[],"fullName":"orderTrackingCoords maybeSwapLatLng fixes reversed lat/lng in Saudi","invocations":1,"location":null,"numPassingAsserts":3,"retryReasons":[],"status":"passed","title":"maybeSwapLatLng fixes reversed lat/lng in Saudi"},{"ancestorTitles":["orderTrackingCoords"],"duration":1,"failureDetails":[],"failureMessages":[],"fullName":"orderTrackingCoords normalizeOrderTrackingCoords reads from_location/to_location","invocations":1,"location":null,"numPassingAsserts":3,"retryReasons":[],"status":"passed","title":"normalizeOrderTrackingCoords reads from_location/to_location"},{"ancestorTitles":["orderTrackingCoords"],"duration":0,"failureDetails":[],"failureMessages":[],"fullName":"orderTrackingCoords drops absurd distance_km values","invocations":1,"location":null,"numPassingAsserts":1,"retryReasons":[],"status":"passed","title":"drops absurd distance_km values"}],"endTime":1788280376128,"message":"","name":"C:\\Users\\USER\\Desktop\\ervenow\\tests\\unit\\orderTrackingCoords.test.js","startTime":1788280375425,"status":"passed","summary":""},{"assertionResults":[{"ancestorTitles":["storeMapsLocation"],"duration":1,"failureDetails":[],"failureMessages":[],"fullName":"storeMapsLocation storeHasOfficialLocation accepts valid coords","invocations":1,"location":null,"numPassingAsserts":3,"retryReasons":[],"status":"passed","title":"storeHasOfficialLocation accepts valid coords"},{"ancestorTitles":["storeMapsLocation"],"duration":2,"failureDetails":[],"failureMessages":[],"fullName":"storeMapsLocation applyMapsUrlToStorePatch parses lat,lng pair","invocations":1,"location":null,"numPassingAsserts":5,"retryReasons":[],"status":"passed","title":"applyMapsUrlToStorePatch parses lat,lng pair"},{"ancestorTitles":["storeMapsLocation"],"duration":6,"failureDetails":[],"failureMessages":[],"fullName":"storeMapsLocation applyMapsUrlToStorePatch rejects invalid url","invocations":1,"location":null,"numPassingAsserts":1,"retryReasons":[],"status":"passed","title":"applyMapsUrlToStorePatch rejects invalid url"}],"endTime":1788280376139,"message":"","name":"C:\\Users\\USER\\Desktop\\ervenow\\tests\\unit\\storeMapsLocation.test.js","startTime":1788280375618,"status":"passed","summary":""},{"assertionResults":[{"ancestorTitles":["repairInconsistentOrderFinancials"],"duration":3,"failureDetails":[],"failureMessages":[],"fullName":"repairInconsistentOrderFinancials ED-13-001 doubled car transport fee","invocations":1,"location":null,"numPassingAsserts":5,"retryReasons":[],"status":"passed","title":"ED-13-001 doubled car transport fee"},{"ancestorTitles":["repairInconsistentOrderFinancials"],"duration":0,"failureDetails":[],"failureMessages":[],"fullName":"repairInconsistentOrderFinancials leaves consistent orders unchanged","invocations":1,"location":null,"numPassingAsserts":1,"retryReasons":[],"status":"passed","title":"leaves consistent orders unchanged"}],"endTime":1788280376143,"message":"","name":"C:\\Users\\USER\\Desktop\\ervenow\\tests\\unit\\orderTotalsRepair.test.js","startTime":1788280375997,"status":"passed","summary":""},{"assertionResults":[{"ancestorTitles":["carPolishingPricing financials"],"duration":1,"failureDetails":[],"failureMessages":[],"fullName":"carPolishingPricing financials sedan base: 7% commission + 15% VAT","invocations":1,"location":null,"numPassingAsserts":5,"retryReasons":[],"status":"passed","title":"sedan base: 7% commission + 15% VAT"},{"ancestorTitles":["carPolishingPricing financials"],"duration":1,"failureDetails":[],"failureMessages":[],"fullName":"carPolishingPricing financials full addons breakdown stays consistent","invocations":1,"location":null,"numPassingAsserts":4,"retryReasons":[],"status":"passed","title":"full addons breakdown stays consistent"}],"endTime":1788280376144,"message":"","name":"C:\\Users\\USER\\Desktop\\ervenow\\tests\\unit\\carPolishingPricing.test.js","startTime":1788280375847,"status":"passed","summary":""},{"assertionResults":[{"ancestorTitles":["paymentGateway"],"duration":1,"failureDetails":[],"failureMessages":[],"fullName":"paymentGateway toHalalas converts SAR to halalas","invocations":1,"location":null,"numPassingAsserts":2,"retryReasons":[],"status":"passed","title":"toHalalas converts SAR to halalas"},{"ancestorTitles":["paymentGateway"],"duration":1,"failureDetails":[],"failureMessages":[],"fullName":"paymentGateway gatewayMode mock when no moyasar key","invocations":1,"location":null,"numPassingAsserts":1,"retryReasons":[],"status":"passed","title":"gatewayMode mock when no moyasar key"},{"ancestorTitles":["paymentGateway"],"duration":1,"failureDetails":[],"failureMessages":[],"fullName":"paymentGateway gatewayMode moyasar when key set","invocations":1,"location":null,"numPassingAsserts":1,"retryReasons":[],"status":"passed","title":"gatewayMode moyasar when key set"}],"endTime":1788280376183,"message":"","name":"C:\\Users\\USER\\Desktop\\ervenow\\tests\\unit\\paymentGateway.test.js","startTime":1788280375864,"status":"passed","summary":""},{"assertionResults":[{"ancestorTitles":["financeMode"],"duration":1,"failureDetails":[],"failureMessages":[],"fullName":"financeMode defaults to ledger_only when unset","invocations":1,"location":null,"numPassingAsserts":2,"retryReasons":[],"status":"passed","title":"defaults to ledger_only when unset"},{"ancestorTitles":["financeMode"],"duration":1,"failureDetails":[],"failureMessages":[],"fullName":"financeMode legacy mode disables ledger-only guard throw target","invocations":1,"location":null,"numPassingAsserts":2,"retryReasons":[],"status":"passed","title":"legacy mode disables ledger-only guard throw target"},{"ancestorTitles":["financeMode"],"duration":12,"failureDetails":[],"failureMessages":[],"fullName":"financeMode assertLedgerOnlyFinance throws in ledger_only","invocations":1,"location":null,"numPassingAsserts":1,"retryReasons":[],"status":"passed","title":"assertLedgerOnlyFinance throws in ledger_only"}],"endTime":1788280376206,"message":"","name":"C:\\Users\\USER\\Desktop\\ervenow\\tests\\unit\\financeMode.test.js","startTime":1788280376075,"status":"passed","summary":""},{"assertionResults":[{"ancestorTitles":["orderStatus unified"],"duration":2,"failureDetails":[],"failureMessages":[],"fullName":"orderStatus unified getOrderDeliveryStatus uses delivery_status only","invocations":1,"location":null,"numPassingAsserts":2,"retryReasons":[],"status":"passed","title":"getOrderDeliveryStatus uses delivery_status only"},{"ancestorTitles":["orderStatus unified"],"duration":5,"failureDetails":[],"failureMessages":[],"fullName":"orderStatus unified normalizeIncomingStatus maps legacy aliases","invocations":1,"location":null,"numPassingAsserts":2,"retryReasons":[],"status":"passed","title":"normalizeIncomingStatus maps legacy aliases"},{"ancestorTitles":["orderStatus unified"],"duration":1,"failureDetails":[],"failureMessages":[],"fullName":"orderStatus unified buildOrderStatusPatch never sets status column","invocations":1,"location":null,"numPassingAsserts":3,"retryReasons":[],"status":"passed","title":"buildOrderStatusPatch never sets status column"}],"endTime":1788280376225,"message":"","name":"C:\\Users\\USER\\Desktop\\ervenow\\tests\\unit\\orderStatus.test.js","startTime":1788280376133,"status":"passed","summary":""},{"assertionResults":[{"ancestorTitles":["car transport pricing ED-13 scenario"],"duration":1,"failureDetails":[],"failureMessages":[],"fullName":"car transport pricing ED-13 scenario 22.6 km internal = 199 SAR (not doubled)","invocations":1,"location":null,"numPassingAsserts":3,"retryReasons":[],"status":"passed","title":"22.6 km internal = 199 SAR (not doubled)"},{"ancestorTitles":["car transport pricing ED-13 scenario"],"duration":0,"failureDetails":[],"failureMessages":[],"fullName":"car transport pricing ED-13 scenario subtotal uses delivery_fee only when order_total is 0","invocations":1,"location":null,"numPassingAsserts":3,"retryReasons":[],"status":"passed","title":"subtotal uses delivery_fee only when order_total is 0"}],"endTime":1788280376262,"message":"","name":"C:\\Users\\USER\\Desktop\\ervenow\\tests\\unit\\carTransportPricingOrder.test.js","startTime":1788280376155,"status":"passed","summary":""},{"assertionResults":[{"ancestorTitles":["reconnect lifecycle — live Supabase"],"duration":null,"failureDetails":[],"failureMessages":[],"fullName":"reconnect lifecycle — live Supabase member→merchant→driver→settlement→wallet→notifications","invocations":1,"location":null,"numPassingAsserts":0,"retryReasons":[],"status":"pending","title":"member→merchant→driver→settlement→wallet→notifications"}],"coverage":{},"endTime":1788280377415,"message":"","name":"C:\\Users\\USER\\Desktop\\ervenow\\tests\\integration\\reconnect-lifecycle.live.test.js","startTime":1788280377415,"status":"skipped","summary":""},{"assertionResults":[{"ancestorTitles":["autoUnfreeze"],"duration":1,"failureDetails":[],"failureMessages":[],"fullName":"autoUnfreeze unfrozen when owed below freeze threshold","invocations":1,"location":null,"numPassingAsserts":3,"retryReasons":[],"status":"passed","title":"unfrozen when owed below freeze threshold"},{"ancestorTitles":["autoUnfreeze"],"duration":1,"failureDetails":[],"failureMessages":[],"fullName":"autoUnfreeze still frozen when owed above freeze threshold","invocations":1,"location":null,"numPassingAsserts":2,"retryReasons":[],"status":"passed","title":"still frozen when owed above freeze threshold"},{"ancestorTitles":["autoUnfreeze"],"duration":0,"failureDetails":[],"failureMessages":[],"fullName":"autoUnfreeze unfrozen after full payment level","invocations":1,"location":null,"numPassingAsserts":2,"retryReasons":[],"status":"passed","title":"unfrozen after full payment level"}],"endTime":1788280376355,"message":"","name":"C:\\Users\\USER\\Desktop\\ervenow\\tests\\unit\\autoUnfreeze.test.js","startTime":1788280376149,"status":"passed","summary":""},{"assertionResults":[{"ancestorTitles":["storeRole middleware"],"duration":1,"failureDetails":[],"failureMessages":[],"fullName":"storeRole middleware STORE_ACCOUNT_ROLES includes store and legacy alias","invocations":1,"location":null,"numPassingAsserts":4,"retryReasons":[],"status":"passed","title":"STORE_ACCOUNT_ROLES includes store and legacy alias"},{"ancestorTitles":["storeRole middleware"],"duration":1,"failureDetails":[],"failureMessages":[],"fullName":"storeRole middleware isStoreAccountRole accepts store and legacy","invocations":1,"location":null,"numPassingAsserts":4,"retryReasons":[],"status":"passed","title":"isStoreAccountRole accepts store and legacy"},{"ancestorTitles":["storeRole middleware"],"duration":0,"failureDetails":[],"failureMessages":[],"fullName":"storeRole middleware normalizeStoreAccountRole lowercases","invocations":1,"location":null,"numPassingAsserts":1,"retryReasons":[],"status":"passed","title":"normalizeStoreAccountRole lowercases"}],"endTime":1788280376369,"message":"","name":"C:\\Users\\USER\\Desktop\\ervenow\\tests\\unit\\storeRoleMiddleware.test.js","startTime":1788280376147,"status":"passed","summary":""},{"assertionResults":[{"ancestorTitles":["productCategoryTypes"],"duration":1,"failureDetails":[],"failureMessages":[],"fullName":"productCategoryTypes restaurant store maps to restaurant catalog","invocations":1,"location":null,"numPassingAsserts":1,"retryReasons":[],"status":"passed","title":"restaurant store maps to restaurant catalog"},{"ancestorTitles":["productCategoryTypes"],"duration":1,"failureDetails":[],"failureMessages":[],"fullName":"productCategoryTypes pharmacy store maps to pharmacy catalog","invocations":1,"location":null,"numPassingAsserts":1,"retryReasons":[],"status":"passed","title":"pharmacy store maps to pharmacy catalog"},{"ancestorTitles":["productCategoryTypes"],"duration":1,"failureDetails":[],"failureMessages":[],"fullName":"productCategoryTypes restaurant catalog includes kabsa_bukhari","invocations":1,"location":null,"numPassingAsserts":2,"retryReasons":[],"status":"passed","title":"restaurant catalog includes kabsa_bukhari"},{"ancestorTitles":["productCategoryTypes"],"duration":1,"failureDetails":[],"failureMessages":[],"fullName":"productCategoryTypes normalizeProductSlugForCatalog accepts restaurant slug","invocations":1,"location":null,"numPassingAsserts":1,"retryReasons":[],"status":"passed","title":"normalizeProductSlugForCatalog accepts restaurant slug"}],"endTime":1788280376374,"message":"","name":"C:\\Users\\USER\\Desktop\\ervenow\\tests\\unit\\productCategoryTypes.test.js","startTime":1788280376082,"status":"passed","summary":""},{"assertionResults":[{"ancestorTitles":["bannerSpec"],"duration":3,"failureDetails":[],"failureMessages":[],"fullName":"bannerSpec official unified banner dimensions","invocations":1,"location":null,"numPassingAsserts":4,"retryReasons":[],"status":"passed","title":"official unified banner dimensions"},{"ancestorTitles":["bannerSpec"],"duration":2,"failureDetails":[],"failureMessages":[],"fullName":"bannerSpec BANNER_SPEC exposes admin and CSS metadata","invocations":1,"location":null,"numPassingAsserts":5,"retryReasons":[],"status":"passed","title":"BANNER_SPEC exposes admin and CSS metadata"}],"endTime":1788280376390,"message":"","name":"C:\\Users\\USER\\Desktop\\ervenow\\tests\\unit\\bannerSpec.test.js","startTime":1788280376267,"status":"passed","summary":""},{"assertionResults":[{"ancestorTitles":["store preview mode URL helpers"],"duration":2,"failureDetails":[],"failureMessages":[],"fullName":"store preview mode URL helpers isActive accepts preview=1, true, yes","invocations":1,"location":null,"numPassingAsserts":5,"retryReasons":[],"status":"passed","title":"isActive accepts preview=1, true, yes"},{"ancestorTitles":["store preview mode URL helpers"],"duration":1,"failureDetails":[],"failureMessages":[],"fullName":"store preview mode URL helpers appendToStoreUrl adds preview=1 once","invocations":1,"location":null,"numPassingAsserts":3,"retryReasons":[],"status":"passed","title":"appendToStoreUrl adds preview=1 once"}],"endTime":1788280376398,"message":"","name":"C:\\Users\\USER\\Desktop\\ervenow\\tests\\unit\\storePreviewMode.test.js","startTime":1788280376193,"status":"passed","summary":""},{"assertionResults":[{"ancestorTitles":["redisCache fail-fast"],"duration":146,"failureDetails":[],"failureMessages":[],"fullName":"redisCache fail-fast cacheGetJson returns null quickly when redis is unreachable","invocations":1,"location":null,"numPassingAsserts":2,"retryReasons":[],"status":"passed","title":"cacheGetJson returns null quickly when redis is unreachable"}],"endTime":1788280376448,"message":"","name":"C:\\Users\\USER\\Desktop\\ervenow\\tests\\unit\\redisCache.test.js","startTime":1788280376231,"status":"passed","summary":""},{"assertionResults":[{"ancestorTitles":["storeFileUpload"],"duration":2,"failureDetails":[],"failureMessages":[],"fullName":"storeFileUpload storageObjectPathFromUrl parses public Supabase object URL","invocations":1,"location":null,"numPassingAsserts":1,"retryReasons":[],"status":"passed","title":"storageObjectPathFromUrl parses public Supabase object URL"},{"ancestorTitles":["storeFileUpload"],"duration":0,"failureDetails":[],"failureMessages":[],"fullName":"storeFileUpload storageObjectPathFromUrl returns null for external URLs","invocations":1,"location":null,"numPassingAsserts":1,"retryReasons":[],"status":"passed","title":"storageObjectPathFromUrl returns null for external URLs"}],"endTime":1788280376462,"message":"","name":"C:\\Users\\USER\\Desktop\\ervenow\\tests\\unit\\storeFileUpload.test.js","startTime":1788280376359,"status":"passed","summary":""},{"assertionResults":[{"ancestorTitles":["orderDedup"],"duration":1,"failureDetails":[],"failureMessages":[],"fullName":"orderDedup isIdempotencyKeyUniqueViolation detects idempotency unique index","invocations":1,"location":null,"numPassingAsserts":2,"retryReasons":[],"status":"passed","title":"isIdempotencyKeyUniqueViolation detects idempotency unique index"}],"endTime":1788280376472,"message":"","name":"C:\\Users\\USER\\Desktop\\ervenow\\tests\\unit\\orderDedup.test.js","startTime":1788280376380,"status":"passed","summary":""},{"assertionResults":[{"ancestorTitles":["liveMapPublicStore"],"duration":1,"failureDetails":[],"failureMessages":[],"fullName":"liveMapPublicStore defaults to enabled when unset","invocations":1,"location":null,"numPassingAsserts":1,"retryReasons":[],"status":"passed","title":"defaults to enabled when unset"},{"ancestorTitles":["liveMapPublicStore"],"duration":2,"failureDetails":[],"failureMessages":[],"fullName":"liveMapPublicStore writeState persists toggle","invocations":1,"location":null,"numPassingAsserts":3,"retryReasons":[],"status":"passed","title":"writeState persists toggle"},{"ancestorTitles":["liveMapPublicStore"],"duration":0,"failureDetails":[],"failureMessages":[],"fullName":"liveMapPublicStore exports public key","invocations":1,"location":null,"numPassingAsserts":1,"retryReasons":[],"status":"passed","title":"exports public key"}],"endTime":1788280376484,"message":"","name":"C:\\Users\\USER\\Desktop\\ervenow\\tests\\unit\\liveMapPublicStore.test.js","startTime":1788280376292,"status":"passed","summary":""},{"assertionResults":[{"ancestorTitles":["devOtpBypass"],"duration":113,"failureDetails":[],"failureMessages":[],"fullName":"devOtpBypass dev OTP bypass is disabled in platform auth","invocations":1,"location":null,"numPassingAsserts":2,"retryReasons":[],"status":"passed","title":"dev OTP bypass is disabled in platform auth"}],"endTime":1788280376565,"message":"","name":"C:\\Users\\USER\\Desktop\\ervenow\\tests\\unit\\devOtpBypass.test.js","startTime":1788280376375,"status":"passed","summary":""}],"wasInterrupted":false}
